| Parameter | Value | Source |
| :--- | :--- | :--- |
| B_end | -0.4681034321343644 | .p2 |
| B_start | 0.4681034321343644 | .p2 |
| Js_ref | 2.13628 | default |
| bias_strength | 1e-05 | .p2 |
| bias_type | circular | .p2 |
| cg_maxiter | 2000 | default |
| cg_tol | 1e-08 | default |
| dB | 0.002340517160671822 | .p2 |
| eps_a | 1e-12 | .p2 |
| h_dir | [0.0174524 0.        0.9998477] | .p2 |
| loop | True | .p2 |
| lr | 0.1 | default |
| max_iter | 2000 | default |
| memory | 5 | default |
| method | aapg_exact | .p2 |
| mfinal | -1.4043102964030931 | .p2 |
| mstep | 0.004681034321343644 | .p2 |
| mu | 0.9 | default |
| out_dir | hyst_sphere_40nm_new | cli |
| pc_auto | True | default |
| pc_force_alpha | 0.5 | default |
| pc_force_eta | 0.5 | default |
| pc_iters | 15 | default |
| pc_reg | 0.0 | default |
| pc_stagnation_nu | 0.01 | default |
| phi_extrapolate | True | default |
| poisson_reg | 1e-12 | default |
| snapshot_every | 1 | default |
| tau_f | 1e-08 | .p2 |
| tau_max | 1.0 | default |
| tau_min | 1e-06 | default |
| tn_iters | 5 | default |
| verbose | True | cli |
| wg_gamma | 5 | default |
| wg_threshold | 1e-06 | default |
