Run started: 2026-06-23T20:43:47+02:00

Using existing mesh: sphere_40nm_new.npz

Mesh check:
  knt: (1301, 3) float64
  ijk: (6228, 5) int32
  tags: (array([1], dtype=int32), array([6228]))

JAX backend: gpu
JAX devices: [CudaDevice(id=0)]

Simulation started: 2026-06-23T20:44:00+02:00
Layer |         sx |         sy |         sz
------+------------+------------+-----------
    1 |   1.075781 |   1.075552 |   1.075000
    2 |   1.347030 |   1.346436 |   1.345000
    3 |   1.901708 |   1.900550 |   1.897750
    4 |   2.862960 |   2.860953 |   2.856100
[validate] welded duplicate nodes: 564
2026-06-23 20:44:07.212171: E external/xla/xla/service/slow_operation_alarm.cc:73] Constant folding an instruction is taking > 1s:

  %scatter-add.2 = f64[4158]{0} scatter(%constant.57, %constant.53, %constant.54), update_window_dims={1}, inserted_window_dims={}, scatter_dims_to_operand_dims={0}, index_vector_dim=1, to_apply=%region_1.67, metadata={op_name="jit(assemble_diag)/while/body/closed_call/scatter-add" source_file="/home/adamsmic/wf5/matrixfree2_branch1/mumag_matrixfree2/src/fem_utils.py" source_line=142 source_end_line=142 source_column=11 source_end_column=40}

This isn't necessarily a bug; constant-folding is inherently a trade-off between compilation time and speed at runtime. XLA has some guards that attempt to keep constant folding from taking too long, but fundamentally you'll always be able to come up with an input program that takes a long time.

If you'd like to file a bug, run with envvar XLA_FLAGS=--xla_dump_to=/tmp/foo and attach the results.
2026-06-23 20:44:08.157986: E external/xla/xla/service/slow_operation_alarm.cc:140] The operation took 1.945923757s
Constant folding an instruction is taking > 1s:

  %scatter-add.2 = f64[4158]{0} scatter(%constant.57, %constant.53, %constant.54), update_window_dims={1}, inserted_window_dims={}, scatter_dims_to_operand_dims={0}, index_vector_dim=1, to_apply=%region_1.67, metadata={op_name="jit(assemble_diag)/while/body/closed_call/scatter-add" source_file="/home/adamsmic/wf5/matrixfree2_branch1/mumag_matrixfree2/src/fem_utils.py" source_line=142 source_end_line=142 source_column=11 source_end_column=40}

This isn't necessarily a bug; constant-folding is inherently a trade-off between compilation time and speed at runtime. XLA has some guards that attempt to keep constant folding from taking too long, but fundamentally you'll always be able to come up with an input program that takes a long time.

If you'd like to file a bug, run with envvar XLA_FLAGS=--xla_dump_to=/tmp/foo and attach the results.
2026-06-23 20:44:46.709375: E external/xla/xla/service/slow_operation_alarm.cc:73] Constant folding an instruction is taking > 2s:

  %scatter-add.321 = f64[4158]{0} scatter(%constant.5209, %constant.5140, %constant.5243), update_window_dims={1}, inserted_window_dims={}, scatter_dims_to_operand_dims={0}, index_vector_dim=1, to_apply=%region_5.372.clone.4.clone, metadata={op_name="jit(kernel)/while/body/jit(armijo_ls)/while/body/jit(solve_U)/jit(solve)/jit(vcycle)/jit(spai0_smooth)/while/body/jit(apply_A)/while/body/closed_call/scatter-add" source_file="/home/adamsmic/wf5/matrixfree2_branch1/mumag_matrixfree2/src/fem_utils.py" source_line=142 source_end_line=142 source_column=11 source_end_column=40}

This isn't necessarily a bug; constant-folding is inherently a trade-off between compilation time and speed at runtime. XLA has some guards that attempt to keep constant folding from taking too long, but fundamentally you'll always be able to come up with an input program that takes a long time.

If you'd like to file a bug, run with envvar XLA_FLAGS=--xla_dump_to=/tmp/foo and attach the results.
2026-06-23 20:44:46.825275: E external/xla/xla/service/slow_operation_alarm.cc:140] The operation took 2.116076887s
Constant folding an instruction is taking > 2s:

  %scatter-add.321 = f64[4158]{0} scatter(%constant.5209, %constant.5140, %constant.5243), update_window_dims={1}, inserted_window_dims={}, scatter_dims_to_operand_dims={0}, index_vector_dim=1, to_apply=%region_5.372.clone.4.clone, metadata={op_name="jit(kernel)/while/body/jit(armijo_ls)/while/body/jit(solve_U)/jit(solve)/jit(vcycle)/jit(spai0_smooth)/while/body/jit(apply_A)/while/body/closed_call/scatter-add" source_file="/home/adamsmic/wf5/matrixfree2_branch1/mumag_matrixfree2/src/fem_utils.py" source_line=142 source_end_line=142 source_column=11 source_end_column=40}

This isn't necessarily a bug; constant-folding is inherently a trade-off between compilation time and speed at runtime. XLA has some guards that attempt to keep constant folding from taking too long, but fundamentally you'll always be able to come up with an input program that takes a long time.

If you'd like to file a bug, run with envvar XLA_FLAGS=--xla_dump_to=/tmp/foo and attach the results.
layers =  4  nodes =  4158  elements =  23616
[config] Loading base settings from sphere_40nm_new.p2
Setting up AMG hierarchy on CPU (PyAMG, mode=amgcl)...
AMG hierarchy has 2 levels.
step 00000  B=+1.000000e+00 T  J_par=+2.136274e+00 T  E=-6.536963e-01  t=60.576s  it=9  t/it=6.731e+00s
step 00001  B=+9.950000e-01 T  J_par=+2.136274e+00 T  E=-6.490152e-01  t=0.777s  it=2  t/it=3.886e-01s
step 00002  B=+9.900000e-01 T  J_par=+2.136274e+00 T  E=-6.443342e-01  t=0.731s  it=2  t/it=3.655e-01s
step 00003  B=+9.850000e-01 T  J_par=+2.136274e+00 T  E=-6.396532e-01  t=0.707s  it=2  t/it=3.536e-01s
step 00004  B=+9.800000e-01 T  J_par=+2.136274e+00 T  E=-6.349722e-01  t=0.703s  it=2  t/it=3.514e-01s
step 00005  B=+9.750000e-01 T  J_par=+2.136274e+00 T  E=-6.302912e-01  t=0.697s  it=2  t/it=3.483e-01s
step 00006  B=+9.700000e-01 T  J_par=+2.136274e+00 T  E=-6.256101e-01  t=0.695s  it=2  t/it=3.477e-01s
step 00007  B=+9.650000e-01 T  J_par=+2.136274e+00 T  E=-6.209291e-01  t=0.697s  it=2  t/it=3.487e-01s
step 00008  B=+9.600000e-01 T  J_par=+2.136274e+00 T  E=-6.162481e-01  t=0.696s  it=2  t/it=3.478e-01s
step 00009  B=+9.550000e-01 T  J_par=+2.136274e+00 T  E=-6.115671e-01  t=0.695s  it=2  t/it=3.477e-01s
step 00010  B=+9.500000e-01 T  J_par=+2.136274e+00 T  E=-6.068860e-01  t=0.698s  it=2  t/it=3.491e-01s
step 00011  B=+9.450000e-01 T  J_par=+2.136274e+00 T  E=-6.022050e-01  t=0.700s  it=2  t/it=3.500e-01s
step 00012  B=+9.400000e-01 T  J_par=+2.136274e+00 T  E=-5.975240e-01  t=0.698s  it=2  t/it=3.488e-01s
step 00013  B=+9.350000e-01 T  J_par=+2.136274e+00 T  E=-5.928430e-01  t=0.698s  it=2  t/it=3.489e-01s
step 00014  B=+9.300000e-01 T  J_par=+2.136274e+00 T  E=-5.881620e-01  t=0.698s  it=2  t/it=3.490e-01s
step 00015  B=+9.250000e-01 T  J_par=+2.136274e+00 T  E=-5.834809e-01  t=0.698s  it=2  t/it=3.488e-01s
step 00016  B=+9.200000e-01 T  J_par=+2.136274e+00 T  E=-5.787999e-01  t=0.695s  it=2  t/it=3.476e-01s
step 00017  B=+9.150000e-01 T  J_par=+2.136274e+00 T  E=-5.741189e-01  t=0.700s  it=2  t/it=3.501e-01s
step 00018  B=+9.100000e-01 T  J_par=+2.136274e+00 T  E=-5.694379e-01  t=0.696s  it=2  t/it=3.479e-01s
step 00019  B=+9.050000e-01 T  J_par=+2.136274e+00 T  E=-5.647569e-01  t=0.710s  it=2  t/it=3.549e-01s
step 00020  B=+9.000000e-01 T  J_par=+2.136274e+00 T  E=-5.600758e-01  t=0.766s  it=2  t/it=3.829e-01s
step 00021  B=+8.950000e-01 T  J_par=+2.136274e+00 T  E=-5.553948e-01  t=0.688s  it=2  t/it=3.441e-01s
step 00022  B=+8.900000e-01 T  J_par=+2.136273e+00 T  E=-5.507138e-01  t=0.686s  it=2  t/it=3.430e-01s
step 00023  B=+8.850000e-01 T  J_par=+2.136273e+00 T  E=-5.460328e-01  t=0.688s  it=2  t/it=3.440e-01s
step 00024  B=+8.800000e-01 T  J_par=+2.136273e+00 T  E=-5.413518e-01  t=0.698s  it=2  t/it=3.489e-01s
step 00025  B=+8.750000e-01 T  J_par=+2.136273e+00 T  E=-5.366707e-01  t=0.698s  it=2  t/it=3.489e-01s
step 00026  B=+8.700000e-01 T  J_par=+2.136273e+00 T  E=-5.319897e-01  t=0.701s  it=2  t/it=3.503e-01s
step 00027  B=+8.650000e-01 T  J_par=+2.136273e+00 T  E=-5.273087e-01  t=0.712s  it=2  t/it=3.560e-01s
step 00028  B=+8.600000e-01 T  J_par=+2.136273e+00 T  E=-5.226277e-01  t=0.784s  it=2  t/it=3.920e-01s
step 00029  B=+8.550000e-01 T  J_par=+2.136273e+00 T  E=-5.179467e-01  t=0.703s  it=2  t/it=3.514e-01s
step 00030  B=+8.500000e-01 T  J_par=+2.136273e+00 T  E=-5.132656e-01  t=0.701s  it=2  t/it=3.503e-01s
step 00031  B=+8.450000e-01 T  J_par=+2.136273e+00 T  E=-5.085846e-01  t=0.770s  it=2  t/it=3.851e-01s
step 00032  B=+8.400000e-01 T  J_par=+2.136273e+00 T  E=-5.039036e-01  t=0.705s  it=2  t/it=3.526e-01s
step 00033  B=+8.350000e-01 T  J_par=+2.136273e+00 T  E=-4.992226e-01  t=0.698s  it=2  t/it=3.490e-01s
step 00034  B=+8.300000e-01 T  J_par=+2.136273e+00 T  E=-4.945416e-01  t=0.789s  it=2  t/it=3.944e-01s
step 00035  B=+8.250000e-01 T  J_par=+2.136273e+00 T  E=-4.898605e-01  t=0.707s  it=2  t/it=3.537e-01s
step 00036  B=+8.200000e-01 T  J_par=+2.136273e+00 T  E=-4.851795e-01  t=0.797s  it=2  t/it=3.986e-01s
step 00037  B=+8.150000e-01 T  J_par=+2.136273e+00 T  E=-4.804985e-01  t=0.717s  it=2  t/it=3.586e-01s
step 00038  B=+8.100000e-01 T  J_par=+2.136273e+00 T  E=-4.758175e-01  t=0.795s  it=2  t/it=3.974e-01s
step 00039  B=+8.050000e-01 T  J_par=+2.136272e+00 T  E=-4.711365e-01  t=0.773s  it=2  t/it=3.864e-01s
step 00040  B=+8.000000e-01 T  J_par=+2.136272e+00 T  E=-4.664555e-01  t=0.720s  it=2  t/it=3.599e-01s
step 00041  B=+7.950000e-01 T  J_par=+2.136272e+00 T  E=-4.617744e-01  t=0.795s  it=2  t/it=3.973e-01s
step 00042  B=+7.900000e-01 T  J_par=+2.136272e+00 T  E=-4.570934e-01  t=0.797s  it=2  t/it=3.987e-01s
step 00043  B=+7.850000e-01 T  J_par=+2.136272e+00 T  E=-4.524124e-01  t=0.793s  it=2  t/it=3.967e-01s
step 00044  B=+7.800000e-01 T  J_par=+2.136272e+00 T  E=-4.477314e-01  t=0.783s  it=2  t/it=3.914e-01s
step 00045  B=+7.750000e-01 T  J_par=+2.136272e+00 T  E=-4.430504e-01  t=0.809s  it=2  t/it=4.047e-01s
step 00046  B=+7.700000e-01 T  J_par=+2.136272e+00 T  E=-4.383694e-01  t=0.807s  it=2  t/it=4.035e-01s
step 00047  B=+7.650000e-01 T  J_par=+2.136272e+00 T  E=-4.336883e-01  t=0.802s  it=2  t/it=4.009e-01s
step 00048  B=+7.600000e-01 T  J_par=+2.136272e+00 T  E=-4.290073e-01  t=0.786s  it=2  t/it=3.932e-01s
step 00049  B=+7.550000e-01 T  J_par=+2.136272e+00 T  E=-4.243263e-01  t=0.850s  it=2  t/it=4.248e-01s
step 00050  B=+7.500000e-01 T  J_par=+2.136272e+00 T  E=-4.196453e-01  t=0.817s  it=2  t/it=4.085e-01s
step 00051  B=+7.450000e-01 T  J_par=+2.136272e+00 T  E=-4.149643e-01  t=0.852s  it=2  t/it=4.259e-01s
step 00052  B=+7.400000e-01 T  J_par=+2.136272e+00 T  E=-4.102833e-01  t=0.833s  it=2  t/it=4.167e-01s
step 00053  B=+7.350000e-01 T  J_par=+2.136272e+00 T  E=-4.056022e-01  t=0.858s  it=2  t/it=4.290e-01s
step 00054  B=+7.300000e-01 T  J_par=+2.136271e+00 T  E=-4.009212e-01  t=0.860s  it=2  t/it=4.298e-01s
step 00055  B=+7.250000e-01 T  J_par=+2.136271e+00 T  E=-3.962402e-01  t=0.851s  it=2  t/it=4.253e-01s
step 00056  B=+7.200000e-01 T  J_par=+2.136271e+00 T  E=-3.915592e-01  t=0.910s  it=2  t/it=4.550e-01s
step 00057  B=+7.150000e-01 T  J_par=+2.136271e+00 T  E=-3.868782e-01  t=0.888s  it=2  t/it=4.441e-01s
step 00058  B=+7.100000e-01 T  J_par=+2.136271e+00 T  E=-3.821972e-01  t=0.891s  it=2  t/it=4.454e-01s
step 00059  B=+7.050000e-01 T  J_par=+2.136271e+00 T  E=-3.775161e-01  t=0.894s  it=2  t/it=4.470e-01s
step 00060  B=+7.000000e-01 T  J_par=+2.136271e+00 T  E=-3.728351e-01  t=0.915s  it=2  t/it=4.573e-01s
step 00061  B=+6.950000e-01 T  J_par=+2.136271e+00 T  E=-3.681541e-01  t=0.915s  it=2  t/it=4.574e-01s
step 00062  B=+6.900000e-01 T  J_par=+2.136271e+00 T  E=-3.634731e-01  t=0.963s  it=2  t/it=4.813e-01s
step 00063  B=+6.850000e-01 T  J_par=+2.136271e+00 T  E=-3.587921e-01  t=0.903s  it=2  t/it=4.514e-01s
step 00064  B=+6.800000e-01 T  J_par=+2.136271e+00 T  E=-3.541111e-01  t=0.909s  it=2  t/it=4.544e-01s
step 00065  B=+6.750000e-01 T  J_par=+2.136270e+00 T  E=-3.494301e-01  t=0.897s  it=2  t/it=4.483e-01s
step 00066  B=+6.700000e-01 T  J_par=+2.136270e+00 T  E=-3.447490e-01  t=0.873s  it=2  t/it=4.363e-01s
step 00067  B=+6.650000e-01 T  J_par=+2.136270e+00 T  E=-3.400680e-01  t=0.872s  it=2  t/it=4.362e-01s
step 00068  B=+6.600000e-01 T  J_par=+2.136270e+00 T  E=-3.353870e-01  t=0.936s  it=2  t/it=4.678e-01s
step 00069  B=+6.550000e-01 T  J_par=+2.136270e+00 T  E=-3.307060e-01  t=0.979s  it=2  t/it=4.896e-01s
step 00070  B=+6.500000e-01 T  J_par=+2.136270e+00 T  E=-3.260250e-01  t=0.999s  it=2  t/it=4.995e-01s
step 00071  B=+6.450000e-01 T  J_par=+2.136270e+00 T  E=-3.213440e-01  t=0.971s  it=2  t/it=4.857e-01s
step 00072  B=+6.400000e-01 T  J_par=+2.136270e+00 T  E=-3.166630e-01  t=0.974s  it=2  t/it=4.871e-01s
step 00073  B=+6.350000e-01 T  J_par=+2.136270e+00 T  E=-3.119820e-01  t=0.979s  it=2  t/it=4.896e-01s
step 00074  B=+6.300000e-01 T  J_par=+2.136270e+00 T  E=-3.073009e-01  t=0.990s  it=2  t/it=4.952e-01s
step 00075  B=+6.250000e-01 T  J_par=+2.136270e+00 T  E=-3.026199e-01  t=0.968s  it=2  t/it=4.840e-01s
step 00076  B=+6.200000e-01 T  J_par=+2.136269e+00 T  E=-2.979389e-01  t=0.992s  it=2  t/it=4.962e-01s
step 00077  B=+6.150000e-01 T  J_par=+2.136269e+00 T  E=-2.932579e-01  t=1.047s  it=2  t/it=5.235e-01s
step 00078  B=+6.100000e-01 T  J_par=+2.136269e+00 T  E=-2.885769e-01  t=1.050s  it=2  t/it=5.250e-01s
step 00079  B=+6.050000e-01 T  J_par=+2.136269e+00 T  E=-2.838959e-01  t=0.979s  it=2  t/it=4.894e-01s
step 00080  B=+6.000000e-01 T  J_par=+2.136269e+00 T  E=-2.792149e-01  t=1.068s  it=2  t/it=5.338e-01s
step 00081  B=+5.950000e-01 T  J_par=+2.136269e+00 T  E=-2.745339e-01  t=1.104s  it=2  t/it=5.518e-01s
step 00082  B=+5.900000e-01 T  J_par=+2.136269e+00 T  E=-2.698529e-01  t=1.094s  it=2  t/it=5.472e-01s
step 00083  B=+5.850000e-01 T  J_par=+2.136269e+00 T  E=-2.651719e-01  t=1.098s  it=2  t/it=5.491e-01s
step 00084  B=+5.800000e-01 T  J_par=+2.136268e+00 T  E=-2.604908e-01  t=1.099s  it=2  t/it=5.495e-01s
step 00085  B=+5.750000e-01 T  J_par=+2.136268e+00 T  E=-2.558098e-01  t=0.998s  it=2  t/it=4.992e-01s
step 00086  B=+5.700000e-01 T  J_par=+2.136268e+00 T  E=-2.511288e-01  t=1.114s  it=2  t/it=5.571e-01s
step 00087  B=+5.650000e-01 T  J_par=+2.136268e+00 T  E=-2.464478e-01  t=1.150s  it=2  t/it=5.749e-01s
step 00088  B=+5.600000e-01 T  J_par=+2.136268e+00 T  E=-2.417668e-01  t=1.086s  it=2  t/it=5.430e-01s
step 00089  B=+5.550000e-01 T  J_par=+2.136268e+00 T  E=-2.370858e-01  t=1.150s  it=2  t/it=5.749e-01s
step 00090  B=+5.500000e-01 T  J_par=+2.136268e+00 T  E=-2.324048e-01  t=1.150s  it=2  t/it=5.750e-01s
step 00091  B=+5.450000e-01 T  J_par=+2.136267e+00 T  E=-2.277238e-01  t=1.149s  it=2  t/it=5.747e-01s
step 00092  B=+5.400000e-01 T  J_par=+2.136267e+00 T  E=-2.230428e-01  t=1.162s  it=2  t/it=5.809e-01s
step 00093  B=+5.350000e-01 T  J_par=+2.136267e+00 T  E=-2.183618e-01  t=1.174s  it=2  t/it=5.869e-01s
step 00094  B=+5.300000e-01 T  J_par=+2.136267e+00 T  E=-2.136808e-01  t=1.245s  it=2  t/it=6.223e-01s
step 00095  B=+5.250000e-01 T  J_par=+2.136267e+00 T  E=-2.089998e-01  t=1.167s  it=2  t/it=5.837e-01s
step 00096  B=+5.200000e-01 T  J_par=+2.136267e+00 T  E=-2.043188e-01  t=1.162s  it=2  t/it=5.809e-01s
step 00097  B=+5.150000e-01 T  J_par=+2.136267e+00 T  E=-1.996378e-01  t=1.245s  it=2  t/it=6.223e-01s
step 00098  B=+5.100000e-01 T  J_par=+2.136266e+00 T  E=-1.949568e-01  t=1.257s  it=2  t/it=6.284e-01s
step 00099  B=+5.050000e-01 T  J_par=+2.136266e+00 T  E=-1.902757e-01  t=1.256s  it=2  t/it=6.280e-01s
step 00100  B=+5.000000e-01 T  J_par=+2.136266e+00 T  E=-1.855947e-01  t=1.256s  it=2  t/it=6.280e-01s
step 00101  B=+4.950000e-01 T  J_par=+2.136266e+00 T  E=-1.809137e-01  t=1.256s  it=2  t/it=6.282e-01s
step 00102  B=+4.900000e-01 T  J_par=+2.136266e+00 T  E=-1.762327e-01  t=1.257s  it=2  t/it=6.284e-01s
step 00103  B=+4.850000e-01 T  J_par=+2.136265e+00 T  E=-1.715517e-01  t=1.256s  it=2  t/it=6.280e-01s
step 00104  B=+4.800000e-01 T  J_par=+2.136265e+00 T  E=-1.668707e-01  t=1.256s  it=2  t/it=6.281e-01s
step 00105  B=+4.750000e-01 T  J_par=+2.136265e+00 T  E=-1.621897e-01  t=1.268s  it=2  t/it=6.342e-01s
step 00106  B=+4.700000e-01 T  J_par=+2.136265e+00 T  E=-1.575087e-01  t=1.276s  it=2  t/it=6.380e-01s
step 00107  B=+4.650000e-01 T  J_par=+2.136264e+00 T  E=-1.528277e-01  t=1.302s  it=2  t/it=6.509e-01s
step 00108  B=+4.600000e-01 T  J_par=+2.136264e+00 T  E=-1.481467e-01  t=1.278s  it=2  t/it=6.388e-01s
step 00109  B=+4.550000e-01 T  J_par=+2.136263e+00 T  E=-1.434657e-01  t=1.226s  it=2  t/it=6.128e-01s
step 00110  B=+4.500000e-01 T  J_par=+2.136263e+00 T  E=-1.387848e-01  t=1.208s  it=2  t/it=6.038e-01s
step 00111  B=+4.450000e-01 T  J_par=+2.136262e+00 T  E=-1.341038e-01  t=1.649s  it=3  t/it=5.498e-01s
step 00112  B=+4.400000e-01 T  J_par=+2.014821e+00 T  E=-1.303618e-01  t=60.193s  it=93  t/it=6.472e-01s
step 00113  B=+4.350000e-01 T  J_par=+1.997148e+00 T  E=-1.259662e-01  t=11.238s  it=18  t/it=6.243e-01s
step 00114  B=+4.300000e-01 T  J_par=+1.979461e+00 T  E=-1.216094e-01  t=16.221s  it=25  t/it=6.488e-01s
step 00115  B=+4.250000e-01 T  J_par=+1.961605e+00 T  E=-1.172915e-01  t=17.050s  it=25  t/it=6.820e-01s
step 00116  B=+4.200000e-01 T  J_par=+1.943770e+00 T  E=-1.130127e-01  t=10.702s  it=17  t/it=6.295e-01s
step 00117  B=+4.150000e-01 T  J_par=+1.925792e+00 T  E=-1.087733e-01  t=5.178s  it=10  t/it=5.178e-01s
step 00118  B=+4.100000e-01 T  J_par=+1.907687e+00 T  E=-1.045733e-01  t=16.988s  it=26  t/it=6.534e-01s
step 00119  B=+4.050000e-01 T  J_par=+1.889546e+00 T  E=-1.004131e-01  t=11.678s  it=19  t/it=6.146e-01s
step 00120  B=+4.000000e-01 T  J_par=+1.871346e+00 T  E=-9.629262e-02  t=18.247s  it=27  t/it=6.758e-01s
step 00121  B=+3.950000e-01 T  J_par=+1.853059e+00 T  E=-9.221215e-02  t=14.442s  it=22  t/it=6.564e-01s
step 00122  B=+3.900000e-01 T  J_par=+1.834717e+00 T  E=-8.817180e-02  t=12.984s  it=20  t/it=6.492e-01s
step 00123  B=+3.850000e-01 T  J_par=+1.816324e+00 T  E=-8.417170e-02  t=23.153s  it=34  t/it=6.810e-01s
step 00124  B=+3.800000e-01 T  J_par=+1.797870e+00 T  E=-8.021198e-02  t=17.946s  it=27  t/it=6.647e-01s
step 00125  B=+3.750000e-01 T  J_par=+1.779359e+00 T  E=-7.629274e-02  t=11.291s  it=19  t/it=5.943e-01s
step 00126  B=+3.700000e-01 T  J_par=+1.760809e+00 T  E=-7.241411e-02  t=21.192s  it=30  t/it=7.064e-01s
step 00127  B=+3.650000e-01 T  J_par=+1.742207e+00 T  E=-6.857618e-02  t=17.882s  it=26  t/it=6.878e-01s
step 00128  B=+3.600000e-01 T  J_par=+1.723563e+00 T  E=-6.477907e-02  t=21.753s  it=30  t/it=7.251e-01s
step 00129  B=+3.550000e-01 T  J_par=+1.704872e+00 T  E=-6.102285e-02  t=12.940s  it=20  t/it=6.470e-01s
step 00130  B=+3.500000e-01 T  J_par=+1.686159e+00 T  E=-5.730760e-02  t=13.984s  it=21  t/it=6.659e-01s
step 00131  B=+3.450000e-01 T  J_par=+1.667396e+00 T  E=-5.363344e-02  t=6.378s  it=11  t/it=5.798e-01s
step 00132  B=+3.400000e-01 T  J_par=+1.648588e+00 T  E=-5.000045e-02  t=9.713s  it=15  t/it=6.476e-01s
step 00133  B=+3.350000e-01 T  J_par=+1.629766e+00 T  E=-4.640868e-02  t=12.756s  it=20  t/it=6.378e-01s
step 00134  B=+3.300000e-01 T  J_par=+1.610895e+00 T  E=-4.285820e-02  t=16.492s  it=25  t/it=6.597e-01s
step 00135  B=+3.250000e-01 T  J_par=+1.591986e+00 T  E=-3.934905e-02  t=8.332s  it=14  t/it=5.951e-01s
step 00136  B=+3.200000e-01 T  J_par=+1.573066e+00 T  E=-3.588141e-02  t=10.850s  it=17  t/it=6.382e-01s
step 00137  B=+3.150000e-01 T  J_par=+1.554137e+00 T  E=-3.245523e-02  t=7.923s  it=13  t/it=6.095e-01s
step 00138  B=+3.100000e-01 T  J_par=+1.535144e+00 T  E=-2.907062e-02  t=21.834s  it=31  t/it=7.043e-01s
step 00139  B=+3.050000e-01 T  J_par=+1.516132e+00 T  E=-2.572761e-02  t=7.165s  it=14  t/it=5.118e-01s
step 00140  B=+3.000000e-01 T  J_par=+1.497122e+00 T  E=-2.242628e-02  t=43.147s  it=58  t/it=7.439e-01s
step 00141  B=+2.950000e-01 T  J_par=+1.478054e+00 T  E=-1.916665e-02  t=7.707s  it=13  t/it=5.929e-01s
step 00142  B=+2.900000e-01 T  J_par=+1.459009e+00 T  E=-1.594882e-02  t=9.383s  it=14  t/it=6.702e-01s
step 00143  B=+2.850000e-01 T  J_par=+1.439880e+00 T  E=-1.277280e-02  t=13.408s  it=20  t/it=6.704e-01s
step 00144  B=+2.800000e-01 T  J_par=+1.420769e+00 T  E=-9.638655e-03  t=37.481s  it=49  t/it=7.649e-01s
step 00145  B=+2.750000e-01 T  J_par=+1.401617e+00 T  E=-6.546400e-03  t=21.007s  it=29  t/it=7.244e-01s
step 00146  B=+2.700000e-01 T  J_par=+1.382478e+00 T  E=-3.496125e-03  t=26.928s  it=36  t/it=7.480e-01s
step 00147  B=+2.650000e-01 T  J_par=+1.363319e+00 T  E=-4.878143e-04  t=13.033s  it=20  t/it=6.517e-01s
step 00148  B=+2.600000e-01 T  J_par=+1.344122e+00 T  E=2.478431e-03  t=10.191s  it=16  t/it=6.369e-01s
step 00149  B=+2.550000e-01 T  J_par=+1.324880e+00 T  E=5.402614e-03  t=21.743s  it=29  t/it=7.498e-01s
step 00150  B=+2.500000e-01 T  J_par=+1.305665e+00 T  E=8.284687e-03  t=6.954s  it=12  t/it=5.795e-01s
step 00151  B=+2.450000e-01 T  J_par=+1.286441e+00 T  E=1.112461e-02  t=18.331s  it=27  t/it=6.789e-01s
step 00152  B=+2.400000e-01 T  J_par=+1.267142e+00 T  E=1.392233e-02  t=11.651s  it=18  t/it=6.473e-01s
step 00153  B=+2.350000e-01 T  J_par=+1.247876e+00 T  E=1.667786e-02  t=14.702s  it=22  t/it=6.683e-01s
step 00154  B=+2.300000e-01 T  J_par=+1.228607e+00 T  E=1.939111e-02  t=19.977s  it=28  t/it=7.134e-01s
step 00155  B=+2.250000e-01 T  J_par=+1.209299e+00 T  E=2.206208e-02  t=16.784s  it=25  t/it=6.714e-01s
step 00156  B=+2.200000e-01 T  J_par=+1.189957e+00 T  E=2.469076e-02  t=9.538s  it=15  t/it=6.359e-01s
step 00157  B=+2.150000e-01 T  J_par=+1.170645e+00 T  E=2.727702e-02  t=24.923s  it=35  t/it=7.121e-01s
step 00158  B=+2.100000e-01 T  J_par=+1.151288e+00 T  E=2.982092e-02  t=21.680s  it=31  t/it=6.994e-01s
step 00159  B=+2.050000e-01 T  J_par=+1.131920e+00 T  E=3.232243e-02  t=23.705s  it=33  t/it=7.183e-01s
step 00160  B=+2.000000e-01 T  J_par=+1.112536e+00 T  E=3.478141e-02  t=19.180s  it=29  t/it=6.614e-01s
step 00161  B=+1.950000e-01 T  J_par=+1.093134e+00 T  E=3.719791e-02  t=23.728s  it=33  t/it=7.190e-01s
step 00162  B=+1.900000e-01 T  J_par=+1.073704e+00 T  E=3.957184e-02  t=34.614s  it=50  t/it=6.923e-01s
step 00163  B=+1.850000e-01 T  J_par=+1.054280e+00 T  E=4.190320e-02  t=20.101s  it=32  t/it=6.281e-01s
step 00164  B=+1.800000e-01 T  J_par=+1.034781e+00 T  E=4.419186e-02  t=36.383s  it=53  t/it=6.865e-01s
step 00165  B=+1.750000e-01 T  J_par=+1.015300e+00 T  E=4.643785e-02  t=28.800s  it=41  t/it=7.024e-01s
step 00166  B=+1.700000e-01 T  J_par=+9.957115e-01 T  E=4.864089e-02  t=50.643s  it=73  t/it=6.937e-01s
step 00167  B=+1.650000e-01 T  J_par=+9.760398e-01 T  E=5.080098e-02  t=77.522s  it=108  t/it=7.178e-01s
step 00168  B=+1.600000e-01 T  J_par=+9.563386e-01 T  E=5.291793e-02  t=79.119s  it=111  t/it=7.128e-01s
step 00169  B=+1.550000e-01 T  J_par=+9.365266e-01 T  E=5.499148e-02  t=68.434s  it=99  t/it=6.913e-01s
step 00170  B=+1.500000e-01 T  J_par=+9.163640e-01 T  E=5.702102e-02  t=91.202s  it=129  t/it=7.070e-01s
step 00171  B=+1.450000e-01 T  J_par=+8.957701e-01 T  E=5.900597e-02  t=150.576s  it=211  t/it=7.136e-01s
step 00172  B=+1.400000e-01 T  J_par=+8.748241e-01 T  E=6.094537e-02  t=160.020s  it=227  t/it=7.049e-01s
step 00173  B=+1.350000e-01 T  J_par=+8.527897e-01 T  E=6.283729e-02  t=204.089s  it=274  t/it=7.449e-01s
step 00174  B=+1.300000e-01 T  J_par=+8.281426e-01 T  E=6.467785e-02  t=316.442s  it=440  t/it=7.192e-01s
step 00175  B=+1.250000e-01 T  J_par=+8.002016e-01 T  E=6.646057e-02  t=364.522s  it=503  t/it=7.247e-01s
step 00176  B=+1.200000e-01 T  J_par=+7.712400e-01 T  E=6.818103e-02  t=229.792s  it=317  t/it=7.249e-01s
step 00177  B=+1.150000e-01 T  J_par=+7.407552e-01 T  E=6.983645e-02  t=270.877s  it=372  t/it=7.282e-01s
step 00178  B=+1.100000e-01 T  J_par=+7.084062e-01 T  E=7.142341e-02  t=271.155s  it=375  t/it=7.231e-01s
step 00179  B=+1.050000e-01 T  J_par=+6.739599e-01 T  E=7.293642e-02  t=217.213s  it=302  t/it=7.192e-01s
step 00180  B=+1.000000e-01 T  J_par=+6.380997e-01 T  E=7.437089e-02  t=476.921s  it=673  t/it=7.087e-01s
step 00181  B=+9.500000e-02 T  J_par=+6.052109e-01 T  E=7.573183e-02  t=201.915s  it=282  t/it=7.160e-01s
step 00182  B=+9.000000e-02 T  J_par=+5.714418e-01 T  E=7.701907e-02  t=329.487s  it=458  t/it=7.194e-01s
step 00183  B=+8.500000e-02 T  J_par=+5.383683e-01 T  E=7.823390e-02  t=209.634s  it=288  t/it=7.279e-01s
step 00184  B=+8.000000e-02 T  J_par=+5.067373e-01 T  E=7.937804e-02  t=169.620s  it=233  t/it=7.280e-01s
step 00185  B=+7.500000e-02 T  J_par=+4.759330e-01 T  E=8.045355e-02  t=158.538s  it=215  t/it=7.374e-01s
step 00186  B=+7.000000e-02 T  J_par=+4.441552e-01 T  E=8.146038e-02  t=164.151s  it=225  t/it=7.296e-01s
step 00187  B=+6.500000e-02 T  J_par=+4.109416e-01 T  E=8.239644e-02  t=193.874s  it=272  t/it=7.128e-01s
step 00188  B=+6.000000e-02 T  J_par=+3.770637e-01 T  E=8.325874e-02  t=178.413s  it=247  t/it=7.223e-01s
step 00189  B=+5.500000e-02 T  J_par=+3.439141e-01 T  E=8.404733e-02  t=179.507s  it=247  t/it=7.268e-01s
step 00190  B=+5.000000e-02 T  J_par=+3.111259e-01 T  E=8.476389e-02  t=135.314s  it=189  t/it=7.159e-01s
step 00191  B=+4.500000e-02 T  J_par=+2.774262e-01 T  E=8.540777e-02  t=168.516s  it=235  t/it=7.171e-01s
step 00192  B=+4.000000e-02 T  J_par=+2.446890e-01 T  E=8.597850e-02  t=121.534s  it=172  t/it=7.066e-01s
step 00193  B=+3.500000e-02 T  J_par=+2.137346e-01 T  E=8.647939e-02  t=97.829s  it=135  t/it=7.247e-01s
step 00194  B=+3.000000e-02 T  J_par=+1.841699e-01 T  E=8.691430e-02  t=130.839s  it=181  t/it=7.229e-01s
step 00195  B=+2.500000e-02 T  J_par=+1.546806e-01 T  E=8.728450e-02  t=105.380s  it=145  t/it=7.268e-01s
step 00196  B=+2.000000e-02 T  J_par=+1.239807e-01 T  E=8.758750e-02  t=228.735s  it=315  t/it=7.261e-01s
step 00197  B=+1.500000e-02 T  J_par=+9.568262e-02 T  E=8.782534e-02  t=235.209s  it=324  t/it=7.260e-01s
step 00198  B=+1.000000e-02 T  J_par=+6.932579e-02 T  E=8.800584e-02  t=98.183s  it=141  t/it=6.963e-01s
step 00199  B=+5.000000e-03 T  J_par=+4.296892e-02 T  E=8.812835e-02  t=68.354s  it=98  t/it=6.975e-01s
step 00200  B=+0.000000e+00 T  J_par=+1.435381e-02 T  E=8.819000e-02  t=71.902s  it=100  t/it=7.190e-01s
step 00201  B=-5.000000e-03 T  J_par=-1.993370e-02 T  E=8.818279e-02  t=124.721s  it=176  t/it=7.086e-01s
step 00202  B=-1.000000e-02 T  J_par=-5.985573e-02 T  E=8.809157e-02  t=135.872s  it=191  t/it=7.114e-01s
step 00203  B=-1.500000e-02 T  J_par=-9.228642e-02 T  E=8.792207e-02  t=121.015s  it=171  t/it=7.077e-01s
step 00204  B=-2.000000e-02 T  J_par=-1.208960e-01 T  E=8.768733e-02  t=93.547s  it=131  t/it=7.141e-01s
step 00205  B=-2.500000e-02 T  J_par=-1.483456e-01 T  E=8.739174e-02  t=106.096s  it=150  t/it=7.073e-01s
step 00206  B=-3.000000e-02 T  J_par=-1.759081e-01 T  E=8.703602e-02  t=83.884s  it=115  t/it=7.294e-01s
step 00207  B=-3.500000e-02 T  J_par=-2.092348e-01 T  E=8.661411e-02  t=410.172s  it=574  t/it=7.146e-01s
step 00208  B=-4.000000e-02 T  J_par=-2.415541e-01 T  E=8.611189e-02  t=384.606s  it=527  t/it=7.298e-01s
step 00209  B=-4.500000e-02 T  J_par=-2.701475e-01 T  E=8.555096e-02  t=85.964s  it=125  t/it=6.877e-01s
step 00210  B=-5.000000e-02 T  J_par=-3.005188e-01 T  E=8.492525e-02  t=205.888s  it=290  t/it=7.100e-01s
step 00211  B=-5.500000e-02 T  J_par=-3.352552e-01 T  E=8.416680e-02  t=618.793s  it=823  t/it=7.519e-01s
step 00212  B=-6.000000e-02 T  J_par=-3.652281e-01 T  E=8.339932e-02  t=114.723s  it=163  t/it=7.038e-01s
step 00213  B=-6.500000e-02 T  J_par=-3.981899e-01 T  E=8.256294e-02  t=325.878s  it=454  t/it=7.178e-01s
step 00214  B=-7.000000e-02 T  J_par=-4.352909e-01 T  E=8.164694e-02  t=339.057s  it=469  t/it=7.229e-01s
step 00215  B=-7.500000e-02 T  J_par=-4.706093e-01 T  E=8.065340e-02  t=187.834s  it=260  t/it=7.224e-01s
step 00216  B=-8.000000e-02 T  J_par=-5.041084e-01 T  E=7.952034e-02  t=1347.750s  it=1827  t/it=7.377e-01s
step 00217  B=-8.500000e-02 T  J_par=-5.379397e-01 T  E=7.837894e-02  t=132.379s  it=185  t/it=7.156e-01s
step 00218  B=-9.000000e-02 T  J_par=-5.790303e-01 T  E=7.715096e-02  t=487.436s  it=674  t/it=7.232e-01s
step 00219  B=-9.500000e-02 T  J_par=-6.125694e-01 T  E=7.584348e-02  t=168.268s  it=226  t/it=7.446e-01s
step 00220  B=-1.000000e-01 T  J_par=-6.434978e-01 T  E=7.446541e-02  t=137.461s  it=189  t/it=7.273e-01s
step 00221  B=-1.050000e-01 T  J_par=-6.727433e-01 T  E=7.302212e-02  t=121.075s  it=171  t/it=7.080e-01s
step 00222  B=-1.100000e-01 T  J_par=-7.028299e-01 T  E=7.151419e-02  t=177.382s  it=248  t/it=7.153e-01s
step 00223  B=-1.150000e-01 T  J_par=-7.391465e-01 T  E=6.993464e-02  t=550.151s  it=765  t/it=7.192e-01s
step 00224  B=-1.200000e-01 T  J_par=-7.698040e-01 T  E=6.821313e-02  t=1387.920s  it=1867  t/it=7.434e-01s
step 00225  B=-1.250000e-01 T  J_par=-7.984648e-01 T  E=6.649329e-02  t=259.595s  it=356  t/it=7.292e-01s
step 00226  B=-1.300000e-01 T  J_par=-8.261084e-01 T  E=6.471115e-02  t=275.971s  it=382  t/it=7.224e-01s
step 00227  B=-1.350000e-01 T  J_par=-8.510861e-01 T  E=6.287129e-02  t=235.070s  it=319  t/it=7.369e-01s
step 00228  B=-1.400000e-01 T  J_par=-8.740527e-01 T  E=6.097946e-02  t=228.088s  it=319  t/it=7.150e-01s
step 00229  B=-1.450000e-01 T  J_par=-8.952798e-01 T  E=5.904016e-02  t=150.470s  it=209  t/it=7.200e-01s
step 00230  B=-1.500000e-01 T  J_par=-9.158660e-01 T  E=5.705517e-02  t=106.412s  it=148  t/it=7.190e-01s
step 00231  B=-1.550000e-01 T  J_par=-9.362001e-01 T  E=5.502544e-02  t=127.661s  it=176  t/it=7.253e-01s
step 00232  B=-1.600000e-01 T  J_par=-9.561200e-01 T  E=5.295188e-02  t=76.692s  it=109  t/it=7.036e-01s
step 00233  B=-1.650000e-01 T  J_par=-9.759590e-01 T  E=5.083477e-02  t=73.276s  it=107  t/it=6.848e-01s
step 00234  B=-1.700000e-01 T  J_par=-9.955380e-01 T  E=4.867469e-02  t=25.761s  it=36  t/it=7.156e-01s
step 00235  B=-1.750000e-01 T  J_par=-1.015234e+00 T  E=4.647124e-02  t=80.478s  it=111  t/it=7.250e-01s
step 00236  B=-1.800000e-01 T  J_par=-1.034771e+00 T  E=4.422514e-02  t=43.591s  it=61  t/it=7.146e-01s
step 00237  B=-1.850000e-01 T  J_par=-1.054276e+00 T  E=4.193628e-02  t=36.759s  it=54  t/it=6.807e-01s
step 00238  B=-1.900000e-01 T  J_par=-1.073742e+00 T  E=3.960476e-02  t=28.198s  it=38  t/it=7.421e-01s
step 00239  B=-1.950000e-01 T  J_par=-1.093180e+00 T  E=3.723061e-02  t=37.667s  it=53  t/it=7.107e-01s
step 00240  B=-2.000000e-01 T  J_par=-1.112593e+00 T  E=3.481393e-02  t=14.279s  it=20  t/it=7.140e-01s
step 00241  B=-2.050000e-01 T  J_par=-1.131974e+00 T  E=3.235473e-02  t=16.233s  it=26  t/it=6.243e-01s
step 00242  B=-2.100000e-01 T  J_par=-1.151364e+00 T  E=2.985302e-02  t=28.280s  it=40  t/it=7.070e-01s
step 00243  B=-2.150000e-01 T  J_par=-1.170719e+00 T  E=2.730891e-02  t=19.043s  it=28  t/it=6.801e-01s
step 00244  B=-2.200000e-01 T  J_par=-1.190056e+00 T  E=2.472239e-02  t=14.613s  it=22  t/it=6.642e-01s
step 00245  B=-2.250000e-01 T  J_par=-1.209401e+00 T  E=2.209352e-02  t=16.209s  it=24  t/it=6.754e-01s
step 00246  B=-2.300000e-01 T  J_par=-1.228706e+00 T  E=1.942232e-02  t=14.023s  it=22  t/it=6.374e-01s
step 00247  B=-2.350000e-01 T  J_par=-1.247999e+00 T  E=1.670881e-02  t=16.841s  it=25  t/it=6.736e-01s
step 00248  B=-2.400000e-01 T  J_par=-1.267283e+00 T  E=1.395305e-02  t=14.307s  it=23  t/it=6.220e-01s
step 00249  B=-2.450000e-01 T  J_par=-1.286521e+00 T  E=1.115507e-02  t=9.770s  it=15  t/it=6.513e-01s
step 00250  B=-2.500000e-01 T  J_par=-1.305801e+00 T  E=8.314887e-03  t=9.580s  it=15  t/it=6.386e-01s
step 00251  B=-2.550000e-01 T  J_par=-1.325015e+00 T  E=5.432546e-03  t=13.618s  it=21  t/it=6.485e-01s
step 00252  B=-2.600000e-01 T  J_par=-1.344250e+00 T  E=2.508118e-03  t=19.055s  it=27  t/it=7.058e-01s
step 00253  B=-2.650000e-01 T  J_par=-1.363438e+00 T  E=-4.584419e-04  t=15.937s  it=23  t/it=6.929e-01s
step 00254  B=-2.700000e-01 T  J_par=-1.382635e+00 T  E=-3.467002e-03  t=18.631s  it=27  t/it=6.900e-01s
step 00255  B=-2.750000e-01 T  J_par=-1.401773e+00 T  E=-6.517595e-03  t=19.885s  it=29  t/it=6.857e-01s
step 00256  B=-2.800000e-01 T  J_par=-1.420903e+00 T  E=-9.610141e-03  t=15.914s  it=24  t/it=6.631e-01s
step 00257  B=-2.850000e-01 T  J_par=-1.440040e+00 T  E=-1.274460e-02  t=11.726s  it=18  t/it=6.514e-01s
step 00258  B=-2.900000e-01 T  J_par=-1.459129e+00 T  E=-1.592092e-02  t=11.021s  it=17  t/it=6.483e-01s
step 00259  B=-2.950000e-01 T  J_par=-1.478176e+00 T  E=-1.913910e-02  t=15.239s  it=23  t/it=6.626e-01s
step 00260  B=-3.000000e-01 T  J_par=-1.497267e+00 T  E=-2.239905e-02  t=9.651s  it=16  t/it=6.032e-01s
step 00261  B=-3.050000e-01 T  J_par=-1.516300e+00 T  E=-2.570071e-02  t=9.523s  it=16  t/it=5.952e-01s
step 00262  B=-3.100000e-01 T  J_par=-1.535312e+00 T  E=-2.904406e-02  t=8.794s  it=14  t/it=6.281e-01s
step 00263  B=-3.150000e-01 T  J_par=-1.554286e+00 T  E=-3.242904e-02  t=24.035s  it=34  t/it=7.069e-01s
step 00264  B=-3.200000e-01 T  J_par=-1.573242e+00 T  E=-3.585558e-02  t=15.629s  it=23  t/it=6.795e-01s
step 00265  B=-3.250000e-01 T  J_par=-1.592168e+00 T  E=-3.932362e-02  t=23.969s  it=33  t/it=7.263e-01s
step 00266  B=-3.300000e-01 T  J_par=-1.611073e+00 T  E=-4.283312e-02  t=15.695s  it=24  t/it=6.540e-01s
step 00267  B=-3.350000e-01 T  J_par=-1.629944e+00 T  E=-4.638398e-02  t=12.184s  it=19  t/it=6.412e-01s
step 00268  B=-3.400000e-01 T  J_par=-1.648760e+00 T  E=-4.997617e-02  t=15.151s  it=23  t/it=6.587e-01s
step 00269  B=-3.450000e-01 T  J_par=-1.667577e+00 T  E=-5.360959e-02  t=8.167s  it=14  t/it=5.834e-01s
step 00270  B=-3.500000e-01 T  J_par=-1.686343e+00 T  E=-5.728417e-02  t=11.590s  it=18  t/it=6.439e-01s
step 00271  B=-3.550000e-01 T  J_par=-1.705079e+00 T  E=-6.099985e-02  t=10.509s  it=17  t/it=6.181e-01s
step 00272  B=-3.600000e-01 T  J_par=-1.723775e+00 T  E=-6.475652e-02  t=19.572s  it=29  t/it=6.749e-01s
step 00273  B=-3.650000e-01 T  J_par=-1.742418e+00 T  E=-6.855409e-02  t=21.198s  it=31  t/it=6.838e-01s
step 00274  B=-3.700000e-01 T  J_par=-1.761035e+00 T  E=-7.239250e-02  t=9.565s  it=16  t/it=5.978e-01s
step 00275  B=-3.750000e-01 T  J_par=-1.779589e+00 T  E=-7.627161e-02  t=9.858s  it=15  t/it=6.572e-01s
step 00276  B=-3.800000e-01 T  J_par=-1.798113e+00 T  E=-8.019136e-02  t=10.472s  it=17  t/it=6.160e-01s
step 00277  B=-3.850000e-01 T  J_par=-1.816564e+00 T  E=-8.415161e-02  t=12.740s  it=19  t/it=6.705e-01s
step 00278  B=-3.900000e-01 T  J_par=-1.834968e+00 T  E=-8.815226e-02  t=23.831s  it=35  t/it=6.809e-01s
step 00279  B=-3.950000e-01 T  J_par=-1.853308e+00 T  E=-9.219315e-02  t=14.418s  it=22  t/it=6.553e-01s
step 00280  B=-4.000000e-01 T  J_par=-1.871608e+00 T  E=-9.627423e-02  t=23.072s  it=33  t/it=6.992e-01s
step 00281  B=-4.050000e-01 T  J_par=-1.889829e+00 T  E=-1.003953e-01  t=13.080s  it=21  t/it=6.228e-01s
step 00282  B=-4.100000e-01 T  J_par=-1.907986e+00 T  E=-1.045562e-01  t=16.184s  it=24  t/it=6.743e-01s
step 00283  B=-4.150000e-01 T  J_par=-1.926068e+00 T  E=-1.087568e-01  t=12.678s  it=18  t/it=7.043e-01s
step 00284  B=-4.200000e-01 T  J_par=-1.944064e+00 T  E=-1.129969e-01  t=18.080s  it=27  t/it=6.696e-01s
step 00285  B=-4.250000e-01 T  J_par=-1.961924e+00 T  E=-1.172764e-01  t=11.397s  it=18  t/it=6.332e-01s
step 00286  B=-4.300000e-01 T  J_par=-1.979782e+00 T  E=-1.215951e-01  t=10.910s  it=17  t/it=6.418e-01s
step 00287  B=-4.350000e-01 T  J_par=-1.997465e+00 T  E=-1.259527e-01  t=16.132s  it=24  t/it=6.722e-01s
step 00288  B=-4.400000e-01 T  J_par=-2.015061e+00 T  E=-1.303491e-01  t=18.094s  it=27  t/it=6.702e-01s
step 00289  B=-4.450000e-01 T  J_par=-2.032681e+00 T  E=-1.347841e-01  t=16.717s  it=25  t/it=6.687e-01s
step 00290  B=-4.500000e-01 T  J_par=-2.049961e+00 T  E=-1.392573e-01  t=20.516s  it=30  t/it=6.839e-01s
step 00291  B=-4.550000e-01 T  J_par=-2.067180e+00 T  E=-1.437685e-01  t=19.134s  it=30  t/it=6.378e-01s
step 00292  B=-4.600000e-01 T  J_par=-2.084058e+00 T  E=-1.483175e-01  t=23.804s  it=35  t/it=6.801e-01s
step 00293  B=-4.650000e-01 T  J_par=-2.101503e+00 T  E=-1.529041e-01  t=45.684s  it=67  t/it=6.819e-01s
step 00294  B=-4.700000e-01 T  J_par=-2.118055e+00 T  E=-1.575278e-01  t=55.855s  it=82  t/it=6.812e-01s
step 00295  B=-4.750000e-01 T  J_par=-2.134326e+00 T  E=-1.621890e-01  t=210.503s  it=311  t/it=6.769e-01s
step 00296  B=-4.800000e-01 T  J_par=-2.136265e+00 T  E=-1.668707e-01  t=117.493s  it=174  t/it=6.752e-01s
step 00297  B=-4.850000e-01 T  J_par=-2.136265e+00 T  E=-1.715517e-01  t=4.589s  it=8  t/it=5.736e-01s
step 00298  B=-4.900000e-01 T  J_par=-2.136265e+00 T  E=-1.762327e-01  t=1.500s  it=2  t/it=7.502e-01s
step 00299  B=-4.950000e-01 T  J_par=-2.136265e+00 T  E=-1.809137e-01  t=1.515s  it=2  t/it=7.576e-01s
step 00300  B=-5.000000e-01 T  J_par=-2.136265e+00 T  E=-1.855947e-01  t=1.439s  it=2  t/it=7.196e-01s
step 00301  B=-5.050000e-01 T  J_par=-2.136266e+00 T  E=-1.902757e-01  t=1.043s  it=2  t/it=5.215e-01s
step 00302  B=-5.100000e-01 T  J_par=-2.136266e+00 T  E=-1.949568e-01  t=1.299s  it=2  t/it=6.497e-01s
step 00303  B=-5.150000e-01 T  J_par=-2.136266e+00 T  E=-1.996378e-01  t=1.344s  it=2  t/it=6.721e-01s
step 00304  B=-5.200000e-01 T  J_par=-2.136266e+00 T  E=-2.043188e-01  t=1.256s  it=2  t/it=6.281e-01s
step 00305  B=-5.250000e-01 T  J_par=-2.136266e+00 T  E=-2.089998e-01  t=1.098s  it=2  t/it=5.488e-01s
step 00306  B=-5.300000e-01 T  J_par=-2.136267e+00 T  E=-2.136808e-01  t=1.257s  it=2  t/it=6.284e-01s
step 00307  B=-5.350000e-01 T  J_par=-2.136267e+00 T  E=-2.183618e-01  t=1.250s  it=2  t/it=6.250e-01s
step 00308  B=-5.400000e-01 T  J_par=-2.136267e+00 T  E=-2.230428e-01  t=1.180s  it=2  t/it=5.900e-01s
step 00309  B=-5.450000e-01 T  J_par=-2.136267e+00 T  E=-2.277238e-01  t=1.175s  it=2  t/it=5.876e-01s
step 00310  B=-5.500000e-01 T  J_par=-2.136267e+00 T  E=-2.324048e-01  t=1.178s  it=2  t/it=5.890e-01s
step 00311  B=-5.550000e-01 T  J_par=-2.136268e+00 T  E=-2.370858e-01  t=1.085s  it=2  t/it=5.427e-01s
step 00312  B=-5.600000e-01 T  J_par=-2.136268e+00 T  E=-2.417668e-01  t=1.162s  it=2  t/it=5.810e-01s
step 00313  B=-5.650000e-01 T  J_par=-2.136268e+00 T  E=-2.464478e-01  t=1.099s  it=2  t/it=5.494e-01s
step 00314  B=-5.700000e-01 T  J_par=-2.136268e+00 T  E=-2.511288e-01  t=1.080s  it=2  t/it=5.401e-01s
step 00315  B=-5.750000e-01 T  J_par=-2.136268e+00 T  E=-2.558098e-01  t=1.099s  it=2  t/it=5.493e-01s
step 00316  B=-5.800000e-01 T  J_par=-2.136268e+00 T  E=-2.604908e-01  t=1.096s  it=2  t/it=5.481e-01s
step 00317  B=-5.850000e-01 T  J_par=-2.136268e+00 T  E=-2.651719e-01  t=1.094s  it=2  t/it=5.470e-01s
step 00318  B=-5.900000e-01 T  J_par=-2.136269e+00 T  E=-2.698529e-01  t=1.097s  it=2  t/it=5.484e-01s
step 00319  B=-5.950000e-01 T  J_par=-2.136269e+00 T  E=-2.745339e-01  t=1.099s  it=2  t/it=5.493e-01s
step 00320  B=-6.000000e-01 T  J_par=-2.136269e+00 T  E=-2.792149e-01  t=1.063s  it=2  t/it=5.315e-01s
step 00321  B=-6.050000e-01 T  J_par=-2.136269e+00 T  E=-2.838959e-01  t=1.016s  it=2  t/it=5.082e-01s
step 00322  B=-6.100000e-01 T  J_par=-2.136269e+00 T  E=-2.885769e-01  t=1.063s  it=2  t/it=5.315e-01s
step 00323  B=-6.150000e-01 T  J_par=-2.136269e+00 T  E=-2.932579e-01  t=0.997s  it=2  t/it=4.985e-01s
step 00324  B=-6.200000e-01 T  J_par=-2.136269e+00 T  E=-2.979389e-01  t=1.045s  it=2  t/it=5.223e-01s
step 00325  B=-6.250000e-01 T  J_par=-2.136269e+00 T  E=-3.026199e-01  t=0.997s  it=2  t/it=4.987e-01s
step 00326  B=-6.300000e-01 T  J_par=-2.136270e+00 T  E=-3.073009e-01  t=0.969s  it=2  t/it=4.844e-01s
step 00327  B=-6.350000e-01 T  J_par=-2.136270e+00 T  E=-3.119820e-01  t=0.944s  it=2  t/it=4.719e-01s
step 00328  B=-6.400000e-01 T  J_par=-2.136270e+00 T  E=-3.166630e-01  t=0.992s  it=2  t/it=4.962e-01s
step 00329  B=-6.450000e-01 T  J_par=-2.136270e+00 T  E=-3.213440e-01  t=0.967s  it=2  t/it=4.834e-01s
step 00330  B=-6.500000e-01 T  J_par=-2.136270e+00 T  E=-3.260250e-01  t=0.961s  it=2  t/it=4.807e-01s
step 00331  B=-6.550000e-01 T  J_par=-2.136270e+00 T  E=-3.307060e-01  t=0.961s  it=2  t/it=4.805e-01s
step 00332  B=-6.600000e-01 T  J_par=-2.136270e+00 T  E=-3.353870e-01  t=0.961s  it=2  t/it=4.806e-01s
step 00333  B=-6.650000e-01 T  J_par=-2.136270e+00 T  E=-3.400680e-01  t=0.873s  it=2  t/it=4.364e-01s
step 00334  B=-6.700000e-01 T  J_par=-2.136270e+00 T  E=-3.447490e-01  t=0.988s  it=2  t/it=4.939e-01s
step 00335  B=-6.750000e-01 T  J_par=-2.136270e+00 T  E=-3.494301e-01  t=0.805s  it=2  t/it=4.023e-01s
step 00336  B=-6.800000e-01 T  J_par=-2.136271e+00 T  E=-3.541111e-01  t=0.967s  it=2  t/it=4.834e-01s
step 00337  B=-6.850000e-01 T  J_par=-2.136271e+00 T  E=-3.587921e-01  t=0.903s  it=2  t/it=4.514e-01s
step 00338  B=-6.900000e-01 T  J_par=-2.136271e+00 T  E=-3.634731e-01  t=0.931s  it=2  t/it=4.656e-01s
step 00339  B=-6.950000e-01 T  J_par=-2.136271e+00 T  E=-3.681541e-01  t=0.903s  it=2  t/it=4.513e-01s
step 00340  B=-7.000000e-01 T  J_par=-2.136271e+00 T  E=-3.728351e-01  t=0.873s  it=2  t/it=4.364e-01s
step 00341  B=-7.050000e-01 T  J_par=-2.136271e+00 T  E=-3.775161e-01  t=0.880s  it=2  t/it=4.400e-01s
step 00342  B=-7.100000e-01 T  J_par=-2.136271e+00 T  E=-3.821972e-01  t=0.861s  it=2  t/it=4.305e-01s
step 00343  B=-7.150000e-01 T  J_par=-2.136271e+00 T  E=-3.868782e-01  t=0.861s  it=2  t/it=4.303e-01s
step 00344  B=-7.200000e-01 T  J_par=-2.136271e+00 T  E=-3.915592e-01  t=0.860s  it=2  t/it=4.302e-01s
step 00345  B=-7.250000e-01 T  J_par=-2.136271e+00 T  E=-3.962402e-01  t=0.857s  it=2  t/it=4.286e-01s
step 00346  B=-7.300000e-01 T  J_par=-2.136271e+00 T  E=-4.009212e-01  t=0.851s  it=2  t/it=4.254e-01s
step 00347  B=-7.350000e-01 T  J_par=-2.136271e+00 T  E=-4.056022e-01  t=0.888s  it=2  t/it=4.440e-01s
step 00348  B=-7.400000e-01 T  J_par=-2.136272e+00 T  E=-4.102833e-01  t=0.850s  it=2  t/it=4.248e-01s
step 00349  B=-7.450000e-01 T  J_par=-2.136272e+00 T  E=-4.149643e-01  t=0.819s  it=2  t/it=4.096e-01s
step 00350  B=-7.500000e-01 T  J_par=-2.136272e+00 T  E=-4.196453e-01  t=0.852s  it=2  t/it=4.262e-01s
step 00351  B=-7.550000e-01 T  J_par=-2.136272e+00 T  E=-4.243263e-01  t=0.814s  it=2  t/it=4.070e-01s
step 00352  B=-7.600000e-01 T  J_par=-2.136272e+00 T  E=-4.290073e-01  t=0.852s  it=2  t/it=4.260e-01s
step 00353  B=-7.650000e-01 T  J_par=-2.136272e+00 T  E=-4.336883e-01  t=0.819s  it=2  t/it=4.096e-01s
step 00354  B=-7.700000e-01 T  J_par=-2.136272e+00 T  E=-4.383694e-01  t=0.807s  it=2  t/it=4.036e-01s
step 00355  B=-7.750000e-01 T  J_par=-2.136272e+00 T  E=-4.430504e-01  t=0.794s  it=2  t/it=3.972e-01s
step 00356  B=-7.800000e-01 T  J_par=-2.136272e+00 T  E=-4.477314e-01  t=0.807s  it=2  t/it=4.034e-01s
step 00357  B=-7.850000e-01 T  J_par=-2.136272e+00 T  E=-4.524124e-01  t=0.800s  it=2  t/it=3.998e-01s
step 00358  B=-7.900000e-01 T  J_par=-2.136272e+00 T  E=-4.570934e-01  t=0.802s  it=2  t/it=4.012e-01s
step 00359  B=-7.950000e-01 T  J_par=-2.136272e+00 T  E=-4.617744e-01  t=0.781s  it=2  t/it=3.906e-01s
step 00360  B=-8.000000e-01 T  J_par=-2.136272e+00 T  E=-4.664555e-01  t=0.781s  it=2  t/it=3.907e-01s
step 00361  B=-8.050000e-01 T  J_par=-2.136272e+00 T  E=-4.711365e-01  t=0.776s  it=2  t/it=3.878e-01s
step 00362  B=-8.100000e-01 T  J_par=-2.136273e+00 T  E=-4.758175e-01  t=0.752s  it=2  t/it=3.760e-01s
step 00363  B=-8.150000e-01 T  J_par=-2.136273e+00 T  E=-4.804985e-01  t=0.999s  it=2  t/it=4.994e-01s
step 00364  B=-8.200000e-01 T  J_par=-2.136273e+00 T  E=-4.851795e-01  t=1.076s  it=2  t/it=5.380e-01s
step 00365  B=-8.250000e-01 T  J_par=-2.136273e+00 T  E=-4.898605e-01  t=1.009s  it=2  t/it=5.044e-01s
step 00366  B=-8.300000e-01 T  J_par=-2.136273e+00 T  E=-4.945416e-01  t=1.122s  it=2  t/it=5.610e-01s
step 00367  B=-8.350000e-01 T  J_par=-2.136273e+00 T  E=-4.992226e-01  t=0.749s  it=2  t/it=3.744e-01s
step 00368  B=-8.400000e-01 T  J_par=-2.136273e+00 T  E=-5.039036e-01  t=0.783s  it=2  t/it=3.917e-01s
step 00369  B=-8.450000e-01 T  J_par=-2.136273e+00 T  E=-5.085846e-01  t=1.069s  it=2  t/it=5.344e-01s
step 00370  B=-8.500000e-01 T  J_par=-2.136273e+00 T  E=-5.132656e-01  t=1.068s  it=2  t/it=5.338e-01s
step 00371  B=-8.550000e-01 T  J_par=-2.136273e+00 T  E=-5.179467e-01  t=1.071s  it=2  t/it=5.355e-01s
step 00372  B=-8.600000e-01 T  J_par=-2.136273e+00 T  E=-5.226277e-01  t=0.786s  it=2  t/it=3.928e-01s
step 00373  B=-8.650000e-01 T  J_par=-2.136273e+00 T  E=-5.273087e-01  t=1.071s  it=2  t/it=5.356e-01s
step 00374  B=-8.700000e-01 T  J_par=-2.136273e+00 T  E=-5.319897e-01  t=0.951s  it=2  t/it=4.753e-01s
step 00375  B=-8.750000e-01 T  J_par=-2.136273e+00 T  E=-5.366707e-01  t=1.071s  it=2  t/it=5.355e-01s
step 00376  B=-8.800000e-01 T  J_par=-2.136273e+00 T  E=-5.413518e-01  t=0.786s  it=2  t/it=3.928e-01s
step 00377  B=-8.850000e-01 T  J_par=-2.136273e+00 T  E=-5.460328e-01  t=1.010s  it=2  t/it=5.050e-01s
step 00378  B=-8.900000e-01 T  J_par=-2.136273e+00 T  E=-5.507138e-01  t=0.717s  it=2  t/it=3.584e-01s
step 00379  B=-8.950000e-01 T  J_par=-2.136273e+00 T  E=-5.553948e-01  t=0.728s  it=2  t/it=3.642e-01s
step 00380  B=-9.000000e-01 T  J_par=-2.136274e+00 T  E=-5.600758e-01  t=0.716s  it=2  t/it=3.582e-01s
step 00381  B=-9.050000e-01 T  J_par=-2.136274e+00 T  E=-5.647569e-01  t=0.714s  it=2  t/it=3.570e-01s
step 00382  B=-9.100000e-01 T  J_par=-2.136274e+00 T  E=-5.694379e-01  t=0.922s  it=2  t/it=4.609e-01s
step 00383  B=-9.150000e-01 T  J_par=-2.136274e+00 T  E=-5.741189e-01  t=0.998s  it=2  t/it=4.988e-01s
step 00384  B=-9.200000e-01 T  J_par=-2.136274e+00 T  E=-5.787999e-01  t=0.998s  it=2  t/it=4.990e-01s
step 00385  B=-9.250000e-01 T  J_par=-2.136274e+00 T  E=-5.834809e-01  t=0.999s  it=2  t/it=4.993e-01s
step 00386  B=-9.300000e-01 T  J_par=-2.136274e+00 T  E=-5.881620e-01  t=1.001s  it=2  t/it=5.003e-01s
step 00387  B=-9.350000e-01 T  J_par=-2.136274e+00 T  E=-5.928430e-01  t=1.000s  it=2  t/it=5.001e-01s
step 00388  B=-9.400000e-01 T  J_par=-2.136274e+00 T  E=-5.975240e-01  t=1.001s  it=2  t/it=5.003e-01s
step 00389  B=-9.450000e-01 T  J_par=-2.136274e+00 T  E=-6.022050e-01  t=1.000s  it=2  t/it=5.002e-01s
step 00390  B=-9.500000e-01 T  J_par=-2.136274e+00 T  E=-6.068860e-01  t=0.998s  it=2  t/it=4.991e-01s
step 00391  B=-9.550000e-01 T  J_par=-2.136274e+00 T  E=-6.115671e-01  t=0.997s  it=2  t/it=4.987e-01s
step 00392  B=-9.600000e-01 T  J_par=-2.136274e+00 T  E=-6.162481e-01  t=0.998s  it=2  t/it=4.990e-01s
step 00393  B=-9.650000e-01 T  J_par=-2.136274e+00 T  E=-6.209291e-01  t=0.998s  it=2  t/it=4.990e-01s
step 00394  B=-9.700000e-01 T  J_par=-2.136274e+00 T  E=-6.256101e-01  t=0.938s  it=2  t/it=4.689e-01s
step 00395  B=-9.750000e-01 T  J_par=-2.136274e+00 T  E=-6.302911e-01  t=0.649s  it=2  t/it=3.245e-01s
step 00396  B=-9.800000e-01 T  J_par=-2.136274e+00 T  E=-6.349722e-01  t=0.712s  it=2  t/it=3.558e-01s
step 00397  B=-9.850000e-01 T  J_par=-2.136274e+00 T  E=-6.396532e-01  t=0.623s  it=2  t/it=3.114e-01s
step 00398  B=-9.900000e-01 T  J_par=-2.136274e+00 T  E=-6.443342e-01  t=0.697s  it=2  t/it=3.486e-01s
step 00399  B=-9.950000e-01 T  J_par=-2.136274e+00 T  E=-6.490152e-01  t=0.637s  it=2  t/it=3.185e-01s
step 00400  B=-1.000000e+00 T  J_par=-2.136274e+00 T  E=-6.536963e-01  t=0.700s  it=2  t/it=3.498e-01s
step 00401  B=-9.950000e-01 T  J_par=-2.136274e+00 T  E=-6.490152e-01  t=0.607s  it=2  t/it=3.035e-01s
step 00402  B=-9.900000e-01 T  J_par=-2.136274e+00 T  E=-6.443342e-01  t=0.672s  it=2  t/it=3.361e-01s
step 00403  B=-9.850000e-01 T  J_par=-2.136274e+00 T  E=-6.396532e-01  t=0.607s  it=2  t/it=3.036e-01s
step 00404  B=-9.800000e-01 T  J_par=-2.136274e+00 T  E=-6.349722e-01  t=0.669s  it=2  t/it=3.345e-01s
step 00405  B=-9.750000e-01 T  J_par=-2.136274e+00 T  E=-6.302911e-01  t=0.622s  it=2  t/it=3.108e-01s
step 00406  B=-9.700000e-01 T  J_par=-2.136274e+00 T  E=-6.256101e-01  t=0.681s  it=2  t/it=3.406e-01s
step 00407  B=-9.650000e-01 T  J_par=-2.136274e+00 T  E=-6.209291e-01  t=0.619s  it=2  t/it=3.094e-01s
step 00408  B=-9.600000e-01 T  J_par=-2.136274e+00 T  E=-6.162481e-01  t=0.683s  it=2  t/it=3.417e-01s
step 00409  B=-9.550000e-01 T  J_par=-2.136274e+00 T  E=-6.115671e-01  t=0.622s  it=2  t/it=3.108e-01s
step 00410  B=-9.500000e-01 T  J_par=-2.136274e+00 T  E=-6.068860e-01  t=0.682s  it=2  t/it=3.408e-01s
step 00411  B=-9.450000e-01 T  J_par=-2.136274e+00 T  E=-6.022050e-01  t=0.640s  it=2  t/it=3.198e-01s
step 00412  B=-9.400000e-01 T  J_par=-2.136274e+00 T  E=-5.975240e-01  t=0.681s  it=2  t/it=3.405e-01s
step 00413  B=-9.350000e-01 T  J_par=-2.136274e+00 T  E=-5.928430e-01  t=0.686s  it=2  t/it=3.429e-01s
step 00414  B=-9.300000e-01 T  J_par=-2.136274e+00 T  E=-5.881620e-01  t=0.643s  it=2  t/it=3.213e-01s
step 00415  B=-9.250000e-01 T  J_par=-2.136274e+00 T  E=-5.834809e-01  t=0.681s  it=2  t/it=3.403e-01s
step 00416  B=-9.200000e-01 T  J_par=-2.136274e+00 T  E=-5.787999e-01  t=0.683s  it=2  t/it=3.417e-01s
step 00417  B=-9.150000e-01 T  J_par=-2.136274e+00 T  E=-5.741189e-01  t=0.686s  it=2  t/it=3.430e-01s
step 00418  B=-9.100000e-01 T  J_par=-2.136274e+00 T  E=-5.694379e-01  t=0.686s  it=2  t/it=3.430e-01s
step 00419  B=-9.050000e-01 T  J_par=-2.136274e+00 T  E=-5.647569e-01  t=0.688s  it=2  t/it=3.441e-01s
step 00420  B=-9.000000e-01 T  J_par=-2.136274e+00 T  E=-5.600758e-01  t=0.686s  it=2  t/it=3.429e-01s
step 00421  B=-8.950000e-01 T  J_par=-2.136274e+00 T  E=-5.553948e-01  t=0.686s  it=2  t/it=3.430e-01s
step 00422  B=-8.900000e-01 T  J_par=-2.136273e+00 T  E=-5.507138e-01  t=0.689s  it=2  t/it=3.443e-01s
step 00423  B=-8.850000e-01 T  J_par=-2.136273e+00 T  E=-5.460328e-01  t=0.686s  it=2  t/it=3.429e-01s
step 00424  B=-8.800000e-01 T  J_par=-2.136273e+00 T  E=-5.413518e-01  t=0.686s  it=2  t/it=3.429e-01s
step 00425  B=-8.750000e-01 T  J_par=-2.136273e+00 T  E=-5.366707e-01  t=0.691s  it=2  t/it=3.454e-01s
step 00426  B=-8.700000e-01 T  J_par=-2.136273e+00 T  E=-5.319897e-01  t=0.686s  it=2  t/it=3.430e-01s
step 00427  B=-8.650000e-01 T  J_par=-2.136273e+00 T  E=-5.273087e-01  t=0.700s  it=2  t/it=3.500e-01s
step 00428  B=-8.600000e-01 T  J_par=-2.136273e+00 T  E=-5.226277e-01  t=0.703s  it=2  t/it=3.514e-01s
step 00429  B=-8.550000e-01 T  J_par=-2.136273e+00 T  E=-5.179467e-01  t=0.713s  it=2  t/it=3.563e-01s
step 00430  B=-8.500000e-01 T  J_par=-2.136273e+00 T  E=-5.132656e-01  t=0.784s  it=2  t/it=3.920e-01s
step 00431  B=-8.450000e-01 T  J_par=-2.136273e+00 T  E=-5.085846e-01  t=0.702s  it=2  t/it=3.512e-01s
step 00432  B=-8.400000e-01 T  J_par=-2.136273e+00 T  E=-5.039036e-01  t=0.715s  it=2  t/it=3.574e-01s
step 00433  B=-8.350000e-01 T  J_par=-2.136273e+00 T  E=-4.992226e-01  t=0.786s  it=2  t/it=3.932e-01s
step 00434  B=-8.300000e-01 T  J_par=-2.136273e+00 T  E=-4.945416e-01  t=0.703s  it=2  t/it=3.516e-01s
step 00435  B=-8.250000e-01 T  J_par=-2.136273e+00 T  E=-4.898605e-01  t=0.773s  it=2  t/it=3.865e-01s
step 00436  B=-8.200000e-01 T  J_par=-2.136273e+00 T  E=-4.851795e-01  t=0.705s  it=2  t/it=3.526e-01s
step 00437  B=-8.150000e-01 T  J_par=-2.136273e+00 T  E=-4.804985e-01  t=0.791s  it=2  t/it=3.955e-01s
step 00438  B=-8.100000e-01 T  J_par=-2.136273e+00 T  E=-4.758175e-01  t=0.705s  it=2  t/it=3.527e-01s
step 00439  B=-8.050000e-01 T  J_par=-2.136272e+00 T  E=-4.711365e-01  t=0.791s  it=2  t/it=3.954e-01s
step 00440  B=-8.000000e-01 T  J_par=-2.136272e+00 T  E=-4.664555e-01  t=0.720s  it=2  t/it=3.599e-01s
step 00441  B=-7.950000e-01 T  J_par=-2.136272e+00 T  E=-4.617744e-01  t=0.797s  it=2  t/it=3.985e-01s
step 00442  B=-7.900000e-01 T  J_par=-2.136272e+00 T  E=-4.570934e-01  t=0.771s  it=2  t/it=3.855e-01s
step 00443  B=-7.850000e-01 T  J_par=-2.136272e+00 T  E=-4.524124e-01  t=0.778s  it=2  t/it=3.888e-01s
step 00444  B=-7.800000e-01 T  J_par=-2.136272e+00 T  E=-4.477314e-01  t=0.781s  it=2  t/it=3.903e-01s
step 00445  B=-7.750000e-01 T  J_par=-2.136272e+00 T  E=-4.430504e-01  t=0.814s  it=2  t/it=4.071e-01s
step 00446  B=-7.700000e-01 T  J_par=-2.136272e+00 T  E=-4.383694e-01  t=0.810s  it=2  t/it=4.049e-01s
step 00447  B=-7.650000e-01 T  J_par=-2.136272e+00 T  E=-4.336883e-01  t=0.802s  it=2  t/it=4.009e-01s
step 00448  B=-7.600000e-01 T  J_par=-2.136272e+00 T  E=-4.290073e-01  t=0.850s  it=2  t/it=4.249e-01s
step 00449  B=-7.550000e-01 T  J_par=-2.136272e+00 T  E=-4.243263e-01  t=0.817s  it=2  t/it=4.084e-01s
step 00450  B=-7.500000e-01 T  J_par=-2.136272e+00 T  E=-4.196453e-01  t=0.797s  it=2  t/it=3.983e-01s
step 00451  B=-7.450000e-01 T  J_par=-2.136272e+00 T  E=-4.149643e-01  t=0.867s  it=2  t/it=4.336e-01s
step 00452  B=-7.400000e-01 T  J_par=-2.136272e+00 T  E=-4.102833e-01  t=0.796s  it=2  t/it=3.981e-01s
step 00453  B=-7.350000e-01 T  J_par=-2.136272e+00 T  E=-4.056022e-01  t=0.886s  it=2  t/it=4.429e-01s
step 00454  B=-7.300000e-01 T  J_par=-2.136271e+00 T  E=-4.009212e-01  t=0.855s  it=2  t/it=4.273e-01s
step 00455  B=-7.250000e-01 T  J_par=-2.136271e+00 T  E=-3.962402e-01  t=0.841s  it=2  t/it=4.203e-01s
step 00456  B=-7.200000e-01 T  J_par=-2.136271e+00 T  E=-3.915592e-01  t=0.883s  it=2  t/it=4.417e-01s
step 00457  B=-7.150000e-01 T  J_par=-2.136271e+00 T  E=-3.868782e-01  t=0.888s  it=2  t/it=4.441e-01s
step 00458  B=-7.100000e-01 T  J_par=-2.136271e+00 T  E=-3.821972e-01  t=0.893s  it=2  t/it=4.467e-01s
step 00459  B=-7.050000e-01 T  J_par=-2.136271e+00 T  E=-3.775161e-01  t=0.890s  it=2  t/it=4.452e-01s
step 00460  B=-7.000000e-01 T  J_par=-2.136271e+00 T  E=-3.728351e-01  t=0.893s  it=2  t/it=4.465e-01s
step 00461  B=-6.950000e-01 T  J_par=-2.136271e+00 T  E=-3.681541e-01  t=0.915s  it=2  t/it=4.573e-01s
step 00462  B=-6.900000e-01 T  J_par=-2.136271e+00 T  E=-3.634731e-01  t=0.962s  it=2  t/it=4.811e-01s
step 00463  B=-6.850000e-01 T  J_par=-2.136271e+00 T  E=-3.587921e-01  t=0.904s  it=2  t/it=4.520e-01s
step 00464  B=-6.800000e-01 T  J_par=-2.136271e+00 T  E=-3.541111e-01  t=0.885s  it=2  t/it=4.424e-01s
step 00465  B=-6.750000e-01 T  J_par=-2.136270e+00 T  E=-3.494301e-01  t=0.897s  it=2  t/it=4.483e-01s
step 00466  B=-6.700000e-01 T  J_par=-2.136270e+00 T  E=-3.447490e-01  t=0.873s  it=2  t/it=4.365e-01s
step 00467  B=-6.650000e-01 T  J_par=-2.136270e+00 T  E=-3.400680e-01  t=0.875s  it=2  t/it=4.374e-01s
step 00468  B=-6.600000e-01 T  J_par=-2.136270e+00 T  E=-3.353870e-01  t=0.936s  it=2  t/it=4.679e-01s
step 00469  B=-6.550000e-01 T  J_par=-2.136270e+00 T  E=-3.307060e-01  t=0.979s  it=2  t/it=4.897e-01s
step 00470  B=-6.500000e-01 T  J_par=-2.136270e+00 T  E=-3.260250e-01  t=0.980s  it=2  t/it=4.898e-01s
step 00471  B=-6.450000e-01 T  J_par=-2.136270e+00 T  E=-3.213440e-01  t=0.974s  it=2  t/it=4.872e-01s
step 00472  B=-6.400000e-01 T  J_par=-2.136270e+00 T  E=-3.166630e-01  t=0.979s  it=2  t/it=4.895e-01s
step 00473  B=-6.350000e-01 T  J_par=-2.136270e+00 T  E=-3.119820e-01  t=0.997s  it=2  t/it=4.986e-01s
step 00474  B=-6.300000e-01 T  J_par=-2.136270e+00 T  E=-3.073009e-01  t=0.948s  it=2  t/it=4.742e-01s
step 00475  B=-6.250000e-01 T  J_par=-2.136270e+00 T  E=-3.026199e-01  t=0.950s  it=2  t/it=4.750e-01s
step 00476  B=-6.200000e-01 T  J_par=-2.136269e+00 T  E=-2.979389e-01  t=0.995s  it=2  t/it=4.974e-01s
step 00477  B=-6.150000e-01 T  J_par=-2.136269e+00 T  E=-2.932579e-01  t=1.045s  it=2  t/it=5.223e-01s
step 00478  B=-6.100000e-01 T  J_par=-2.136269e+00 T  E=-2.885769e-01  t=1.086s  it=2  t/it=5.430e-01s
step 00479  B=-6.050000e-01 T  J_par=-2.136269e+00 T  E=-2.838959e-01  t=0.933s  it=2  t/it=4.664e-01s
step 00480  B=-6.000000e-01 T  J_par=-2.136269e+00 T  E=-2.792149e-01  t=1.072s  it=2  t/it=5.362e-01s
step 00481  B=-5.950000e-01 T  J_par=-2.136269e+00 T  E=-2.745339e-01  t=1.063s  it=2  t/it=5.313e-01s
step 00482  B=-5.900000e-01 T  J_par=-2.136269e+00 T  E=-2.698529e-01  t=1.068s  it=2  t/it=5.340e-01s
step 00483  B=-5.850000e-01 T  J_par=-2.136269e+00 T  E=-2.651719e-01  t=1.067s  it=2  t/it=5.337e-01s
step 00484  B=-5.800000e-01 T  J_par=-2.136268e+00 T  E=-2.604908e-01  t=1.097s  it=2  t/it=5.483e-01s
step 00485  B=-5.750000e-01 T  J_par=-2.136268e+00 T  E=-2.558098e-01  t=0.999s  it=2  t/it=4.993e-01s
step 00486  B=-5.700000e-01 T  J_par=-2.136268e+00 T  E=-2.511288e-01  t=1.114s  it=2  t/it=5.570e-01s
step 00487  B=-5.650000e-01 T  J_par=-2.136268e+00 T  E=-2.464478e-01  t=1.043s  it=2  t/it=5.216e-01s
step 00488  B=-5.600000e-01 T  J_par=-2.136268e+00 T  E=-2.417668e-01  t=1.080s  it=2  t/it=5.398e-01s
step 00489  B=-5.550000e-01 T  J_par=-2.136268e+00 T  E=-2.370858e-01  t=1.132s  it=2  t/it=5.660e-01s
step 00490  B=-5.500000e-01 T  J_par=-2.136268e+00 T  E=-2.324048e-01  t=1.086s  it=2  t/it=5.430e-01s
step 00491  B=-5.450000e-01 T  J_par=-2.136267e+00 T  E=-2.277238e-01  t=1.131s  it=2  t/it=5.657e-01s
step 00492  B=-5.400000e-01 T  J_par=-2.136267e+00 T  E=-2.230428e-01  t=1.150s  it=2  t/it=5.749e-01s
step 00493  B=-5.350000e-01 T  J_par=-2.136267e+00 T  E=-2.183618e-01  t=1.150s  it=2  t/it=5.751e-01s
step 00494  B=-5.300000e-01 T  J_par=-2.136267e+00 T  E=-2.136808e-01  t=1.162s  it=2  t/it=5.812e-01s
step 00495  B=-5.250000e-01 T  J_par=-2.136267e+00 T  E=-2.089998e-01  t=1.180s  it=2  t/it=5.899e-01s
step 00496  B=-5.200000e-01 T  J_par=-2.136267e+00 T  E=-2.043188e-01  t=1.244s  it=2  t/it=6.222e-01s
step 00497  B=-5.150000e-01 T  J_par=-2.136267e+00 T  E=-1.996378e-01  t=1.232s  it=2  t/it=6.162e-01s
step 00498  B=-5.100000e-01 T  J_par=-2.136266e+00 T  E=-1.949568e-01  t=1.251s  it=2  t/it=6.254e-01s
step 00499  B=-5.050000e-01 T  J_par=-2.136266e+00 T  E=-1.902757e-01  t=1.256s  it=2  t/it=6.279e-01s
step 00500  B=-5.000000e-01 T  J_par=-2.136266e+00 T  E=-1.855947e-01  t=1.256s  it=2  t/it=6.281e-01s
step 00501  B=-4.950000e-01 T  J_par=-2.136266e+00 T  E=-1.809137e-01  t=1.257s  it=2  t/it=6.283e-01s
step 00502  B=-4.900000e-01 T  J_par=-2.136266e+00 T  E=-1.762327e-01  t=1.257s  it=2  t/it=6.284e-01s
step 00503  B=-4.850000e-01 T  J_par=-2.136265e+00 T  E=-1.715517e-01  t=1.256s  it=2  t/it=6.280e-01s
step 00504  B=-4.800000e-01 T  J_par=-2.136265e+00 T  E=-1.668707e-01  t=1.256s  it=2  t/it=6.281e-01s
step 00505  B=-4.750000e-01 T  J_par=-2.136265e+00 T  E=-1.621897e-01  t=1.269s  it=2  t/it=6.343e-01s
step 00506  B=-4.700000e-01 T  J_par=-2.136265e+00 T  E=-1.575087e-01  t=1.269s  it=2  t/it=6.345e-01s
step 00507  B=-4.650000e-01 T  J_par=-2.136264e+00 T  E=-1.528277e-01  t=1.272s  it=2  t/it=6.358e-01s
step 00508  B=-4.600000e-01 T  J_par=-2.136264e+00 T  E=-1.481467e-01  t=1.300s  it=2  t/it=6.498e-01s
step 00509  B=-4.550000e-01 T  J_par=-2.136264e+00 T  E=-1.434657e-01  t=1.228s  it=2  t/it=6.139e-01s
step 00510  B=-4.500000e-01 T  J_par=-2.049748e+00 T  E=-1.392677e-01  t=85.844s  it=129  t/it=6.655e-01s
step 00511  B=-4.450000e-01 T  J_par=-2.032422e+00 T  E=-1.347955e-01  t=18.786s  it=28  t/it=6.709e-01s
step 00512  B=-4.400000e-01 T  J_par=-2.014779e+00 T  E=-1.303615e-01  t=22.434s  it=33  t/it=6.798e-01s
step 00513  B=-4.350000e-01 T  J_par=-1.997175e+00 T  E=-1.259659e-01  t=12.182s  it=19  t/it=6.412e-01s
step 00514  B=-4.300000e-01 T  J_par=-1.979470e+00 T  E=-1.216091e-01  t=20.438s  it=31  t/it=6.593e-01s
step 00515  B=-4.250000e-01 T  J_par=-1.961655e+00 T  E=-1.172911e-01  t=16.151s  it=24  t/it=6.730e-01s
step 00516  B=-4.200000e-01 T  J_par=-1.943754e+00 T  E=-1.130123e-01  t=15.526s  it=25  t/it=6.210e-01s
step 00517  B=-4.150000e-01 T  J_par=-1.925771e+00 T  E=-1.087728e-01  t=16.523s  it=24  t/it=6.885e-01s
step 00518  B=-4.100000e-01 T  J_par=-1.907682e+00 T  E=-1.045729e-01  t=13.684s  it=20  t/it=6.842e-01s
step 00519  B=-4.050000e-01 T  J_par=-1.889557e+00 T  E=-1.004126e-01  t=16.630s  it=25  t/it=6.652e-01s
step 00520  B=-4.000000e-01 T  J_par=-1.871341e+00 T  E=-9.629210e-02  t=20.628s  it=31  t/it=6.654e-01s
step 00521  B=-3.950000e-01 T  J_par=-1.853069e+00 T  E=-9.221160e-02  t=13.960s  it=21  t/it=6.648e-01s
step 00522  B=-3.900000e-01 T  J_par=-1.834726e+00 T  E=-8.817122e-02  t=14.059s  it=21  t/it=6.695e-01s
step 00523  B=-3.850000e-01 T  J_par=-1.816327e+00 T  E=-8.417111e-02  t=19.671s  it=29  t/it=6.783e-01s
step 00524  B=-3.800000e-01 T  J_par=-1.797874e+00 T  E=-8.021136e-02  t=26.609s  it=35  t/it=7.603e-01s
step 00525  B=-3.750000e-01 T  J_par=-1.779372e+00 T  E=-7.629212e-02  t=10.365s  it=17  t/it=6.097e-01s
step 00526  B=-3.700000e-01 T  J_par=-1.760816e+00 T  E=-7.241348e-02  t=13.559s  it=21  t/it=6.457e-01s
step 00527  B=-3.650000e-01 T  J_par=-1.742212e+00 T  E=-6.857555e-02  t=20.202s  it=30  t/it=6.734e-01s
step 00528  B=-3.600000e-01 T  J_par=-1.723563e+00 T  E=-6.477842e-02  t=19.209s  it=28  t/it=6.860e-01s
step 00529  B=-3.550000e-01 T  J_par=-1.704873e+00 T  E=-6.102221e-02  t=14.151s  it=21  t/it=6.739e-01s
step 00530  B=-3.500000e-01 T  J_par=-1.686154e+00 T  E=-5.730698e-02  t=13.089s  it=20  t/it=6.544e-01s
step 00531  B=-3.450000e-01 T  J_par=-1.667387e+00 T  E=-5.363283e-02  t=11.051s  it=19  t/it=5.816e-01s
step 00532  B=-3.400000e-01 T  J_par=-1.648586e+00 T  E=-4.999983e-02  t=17.316s  it=25  t/it=6.926e-01s
step 00533  B=-3.350000e-01 T  J_par=-1.629745e+00 T  E=-4.640808e-02  t=18.800s  it=29  t/it=6.483e-01s
step 00534  B=-3.300000e-01 T  J_par=-1.610899e+00 T  E=-4.285762e-02  t=3.171s  it=7  t/it=4.530e-01s
step 00535  B=-3.250000e-01 T  J_par=-1.591980e+00 T  E=-3.934853e-02  t=13.688s  it=21  t/it=6.518e-01s
step 00536  B=-3.200000e-01 T  J_par=-1.573060e+00 T  E=-3.588090e-02  t=9.085s  it=15  t/it=6.057e-01s
step 00537  B=-3.150000e-01 T  J_par=-1.554117e+00 T  E=-3.245476e-02  t=16.137s  it=25  t/it=6.455e-01s
step 00538  B=-3.100000e-01 T  J_par=-1.535105e+00 T  E=-2.907019e-02  t=8.953s  it=15  t/it=5.969e-01s
step 00539  B=-3.050000e-01 T  J_par=-1.516086e+00 T  E=-2.572725e-02  t=11.370s  it=18  t/it=6.317e-01s
step 00540  B=-3.000000e-01 T  J_par=-1.497060e+00 T  E=-2.242598e-02  t=16.412s  it=23  t/it=7.136e-01s
step 00541  B=-2.950000e-01 T  J_par=-1.478041e+00 T  E=-1.916643e-02  t=9.721s  it=16  t/it=6.076e-01s
step 00542  B=-2.900000e-01 T  J_par=-1.458947e+00 T  E=-1.594868e-02  t=13.996s  it=22  t/it=6.362e-01s
step 00543  B=-2.850000e-01 T  J_par=-1.439841e+00 T  E=-1.277276e-02  t=13.499s  it=23  t/it=5.869e-01s
step 00544  B=-2.800000e-01 T  J_par=-1.420742e+00 T  E=-9.638680e-03  t=9.582s  it=15  t/it=6.388e-01s
step 00545  B=-2.750000e-01 T  J_par=-1.401575e+00 T  E=-6.546575e-03  t=18.167s  it=27  t/it=6.728e-01s
step 00546  B=-2.700000e-01 T  J_par=-1.382428e+00 T  E=-3.496408e-03  t=17.580s  it=26  t/it=6.762e-01s
step 00547  B=-2.650000e-01 T  J_par=-1.363250e+00 T  E=-4.882501e-04  t=16.544s  it=24  t/it=6.893e-01s
step 00548  B=-2.600000e-01 T  J_par=-1.344040e+00 T  E=2.477853e-03  t=10.922s  it=17  t/it=6.425e-01s
step 00549  B=-2.550000e-01 T  J_par=-1.324822e+00 T  E=5.401863e-03  t=16.026s  it=23  t/it=6.968e-01s
step 00550  B=-2.500000e-01 T  J_par=-1.305586e+00 T  E=8.283739e-03  t=17.625s  it=27  t/it=6.528e-01s
step 00551  B=-2.450000e-01 T  J_par=-1.286337e+00 T  E=1.112346e-02  t=17.862s  it=27  t/it=6.615e-01s
step 00552  B=-2.400000e-01 T  J_par=-1.267050e+00 T  E=1.392096e-02  t=16.442s  it=26  t/it=6.324e-01s
step 00553  B=-2.350000e-01 T  J_par=-1.247760e+00 T  E=1.667624e-02  t=8.692s  it=14  t/it=6.209e-01s
step 00554  B=-2.300000e-01 T  J_par=-1.228480e+00 T  E=1.938922e-02  t=21.154s  it=30  t/it=7.051e-01s
step 00555  B=-2.250000e-01 T  J_par=-1.209179e+00 T  E=2.205990e-02  t=8.231s  it=13  t/it=6.331e-01s
step 00556  B=-2.200000e-01 T  J_par=-1.189827e+00 T  E=2.468821e-02  t=22.050s  it=32  t/it=6.891e-01s
step 00557  B=-2.150000e-01 T  J_par=-1.170508e+00 T  E=2.727416e-02  t=11.883s  it=18  t/it=6.601e-01s
step 00558  B=-2.100000e-01 T  J_par=-1.151188e+00 T  E=2.981767e-02  t=10.189s  it=16  t/it=6.368e-01s
step 00559  B=-2.050000e-01 T  J_par=-1.131714e+00 T  E=3.231865e-02  t=29.997s  it=43  t/it=6.976e-01s
step 00560  B=-2.000000e-01 T  J_par=-1.112312e+00 T  E=3.477715e-02  t=17.750s  it=27  t/it=6.574e-01s
step 00561  B=-1.950000e-01 T  J_par=-1.092899e+00 T  E=3.719313e-02  t=13.611s  it=21  t/it=6.481e-01s
step 00562  B=-1.900000e-01 T  J_par=-1.073387e+00 T  E=3.956639e-02  t=24.547s  it=34  t/it=7.220e-01s
step 00563  B=-1.850000e-01 T  J_par=-1.053915e+00 T  E=4.189698e-02  t=23.950s  it=36  t/it=6.653e-01s
step 00564  B=-1.800000e-01 T  J_par=-1.034381e+00 T  E=4.418483e-02  t=29.698s  it=43  t/it=6.907e-01s
step 00565  B=-1.750000e-01 T  J_par=-1.014792e+00 T  E=4.642981e-02  t=50.836s  it=73  t/it=6.964e-01s
step 00566  B=-1.700000e-01 T  J_par=-9.951717e-01 T  E=4.863182e-02  t=58.091s  it=81  t/it=7.172e-01s
step 00567  B=-1.650000e-01 T  J_par=-9.753935e-01 T  E=5.079060e-02  t=92.510s  it=131  t/it=7.062e-01s
step 00568  B=-1.600000e-01 T  J_par=-9.555776e-01 T  E=5.290605e-02  t=80.961s  it=111  t/it=7.294e-01s
step 00569  B=-1.550000e-01 T  J_par=-9.355464e-01 T  E=5.497775e-02  t=100.467s  it=142  t/it=7.075e-01s
step 00570  B=-1.500000e-01 T  J_par=-9.153712e-01 T  E=5.700531e-02  t=93.770s  it=133  t/it=7.050e-01s
step 00571  B=-1.450000e-01 T  J_par=-8.948472e-01 T  E=5.898800e-02  t=96.472s  it=134  t/it=7.199e-01s
step 00572  B=-1.400000e-01 T  J_par=-8.735369e-01 T  E=6.092473e-02  t=167.679s  it=232  t/it=7.228e-01s
step 00573  B=-1.350000e-01 T  J_par=-8.518264e-01 T  E=6.281450e-02  t=138.054s  it=188  t/it=7.343e-01s
step 00574  B=-1.300000e-01 T  J_par=-8.292781e-01 T  E=6.465548e-02  t=152.705s  it=210  t/it=7.272e-01s
step 00575  B=-1.250000e-01 T  J_par=-8.049441e-01 T  E=6.644499e-02  t=244.127s  it=343  t/it=7.117e-01s
step 00576  B=-1.200000e-01 T  J_par=-7.782477e-01 T  E=6.817891e-02  t=252.342s  it=351  t/it=7.189e-01s
step 00577  B=-1.150000e-01 T  J_par=-7.466899e-01 T  E=6.984851e-02  t=367.940s  it=507  t/it=7.257e-01s
step 00578  B=-1.100000e-01 T  J_par=-7.032241e-01 T  E=7.141210e-02  t=828.505s  it=1117  t/it=7.417e-01s
step 00579  B=-1.050000e-01 T  J_par=-6.731220e-01 T  E=7.291905e-02  t=145.986s  it=199  t/it=7.336e-01s
step 00580  B=-1.000000e-01 T  J_par=-6.433618e-01 T  E=7.436021e-02  t=132.093s  it=185  t/it=7.140e-01s
step 00581  B=-9.500000e-02 T  J_par=-6.119350e-01 T  E=7.573463e-02  t=183.684s  it=252  t/it=7.289e-01s
step 00582  B=-9.000000e-02 T  J_par=-5.774087e-01 T  E=7.703731e-02  t=225.004s  it=303  t/it=7.426e-01s
step 00583  B=-8.500000e-02 T  J_par=-5.349343e-01 T  E=7.825543e-02  t=318.849s  it=446  t/it=7.149e-01s
step 00584  B=-8.000000e-02 T  J_par=-4.946082e-01 T  E=7.937960e-02  t=208.645s  it=293  t/it=7.121e-01s
step 00585  B=-7.500000e-02 T  J_par=-4.612925e-01 T  E=8.042489e-02  t=160.946s  it=222  t/it=7.250e-01s
step 00586  B=-7.000000e-02 T  J_par=-4.314541e-01 T  E=8.140175e-02  t=115.359s  it=164  t/it=7.034e-01s
step 00587  B=-6.500000e-02 T  J_par=-4.023768e-01 T  E=8.231430e-02  t=142.487s  it=196  t/it=7.270e-01s
step 00588  B=-6.000000e-02 T  J_par=-3.724555e-01 T  E=8.316232e-02  t=147.347s  it=202  t/it=7.294e-01s
step 00589  B=-5.500000e-02 T  J_par=-3.371983e-01 T  E=8.393628e-02  t=225.324s  it=306  t/it=7.364e-01s
step 00590  B=-5.000000e-02 T  J_par=-3.061340e-01 T  E=8.463785e-02  t=178.293s  it=251  t/it=7.103e-01s
step 00591  B=-4.500000e-02 T  J_par=-2.790029e-01 T  E=8.527836e-02  t=80.618s  it=113  t/it=7.134e-01s
step 00592  B=-4.000000e-02 T  J_par=-2.526909e-01 T  E=8.586052e-02  t=75.200s  it=108  t/it=6.963e-01s
step 00593  B=-3.500000e-02 T  J_par=-2.271901e-01 T  E=8.638562e-02  t=44.427s  it=62  t/it=7.166e-01s
step 00594  B=-3.000000e-02 T  J_par=-2.004933e-01 T  E=8.685333e-02  t=72.091s  it=98  t/it=7.356e-01s
step 00595  B=-2.500000e-02 T  J_par=-1.727934e-01 T  E=8.726201e-02  t=85.201s  it=119  t/it=7.160e-01s
step 00596  B=-2.000000e-02 T  J_par=-1.388935e-01 T  E=8.760387e-02  t=307.243s  it=420  t/it=7.315e-01s
step 00597  B=-1.500000e-02 T  J_par=-1.014508e-01 T  E=8.786250e-02  t=259.369s  it=357  t/it=7.265e-01s
step 00598  B=-1.000000e-02 T  J_par=-7.076469e-02 T  E=8.805041e-02  t=80.857s  it=114  t/it=7.093e-01s
step 00599  B=-5.000000e-03 T  J_par=-3.750293e-02 T  E=8.816817e-02  t=227.925s  it=324  t/it=7.035e-01s
step 00600  B=+0.000000e+00 T  J_par=-1.837658e-03 T  E=8.820834e-02  t=258.970s  it=356  t/it=7.274e-01s
step 00601  B=+5.000000e-03 T  J_par=+3.053365e-02 T  E=8.817477e-02  t=188.703s  it=261  t/it=7.230e-01s
step 00602  B=+1.000000e-02 T  J_par=+6.028904e-02 T  E=8.807426e-02  t=119.983s  it=167  t/it=7.185e-01s
step 00603  B=+1.500000e-02 T  J_par=+8.978309e-02 T  E=8.790910e-02  t=126.937s  it=179  t/it=7.091e-01s
step 00604  B=+2.000000e-02 T  J_par=+1.203033e-01 T  E=8.767795e-02  t=139.522s  it=197  t/it=7.082e-01s
step 00605  B=+2.500000e-02 T  J_par=+1.521384e-01 T  E=8.737790e-02  t=273.751s  it=383  t/it=7.148e-01s
step 00606  B=+3.000000e-02 T  J_par=+1.822916e-01 T  E=8.701047e-02  t=206.023s  it=292  t/it=7.056e-01s
step 00607  B=+3.500000e-02 T  J_par=+2.130887e-01 T  E=8.657477e-02  t=372.156s  it=518  t/it=7.184e-01s
step 00608  B=+4.000000e-02 T  J_par=+2.416718e-01 T  E=8.607580e-02  t=186.952s  it=260  t/it=7.190e-01s
step 00609  B=+4.500000e-02 T  J_par=+2.697863e-01 T  E=8.551504e-02  t=66.274s  it=91  t/it=7.283e-01s
step 00610  B=+5.000000e-02 T  J_par=+2.981859e-01 T  E=8.489144e-02  t=59.892s  it=81  t/it=7.394e-01s
step 00611  B=+5.500000e-02 T  J_par=+3.291532e-01 T  E=8.420237e-02  t=77.710s  it=106  t/it=7.331e-01s
step 00612  B=+6.000000e-02 T  J_par=+3.616913e-01 T  E=8.344436e-02  t=93.744s  it=135  t/it=6.944e-01s
step 00613  B=+6.500000e-02 T  J_par=+3.941936e-01 T  E=8.261440e-02  t=95.560s  it=132  t/it=7.239e-01s
step 00614  B=+7.000000e-02 T  J_par=+4.286091e-01 T  E=8.171059e-02  t=152.539s  it=209  t/it=7.299e-01s
step 00615  B=+7.500000e-02 T  J_par=+4.700009e-01 T  E=8.070455e-02  t=690.417s  it=925  t/it=7.464e-01s
step 00616  B=+8.000000e-02 T  J_par=+5.016358e-01 T  E=7.963932e-02  t=177.648s  it=244  t/it=7.281e-01s
step 00617  B=+8.500000e-02 T  J_par=+5.335969e-01 T  E=7.850445e-02  t=136.546s  it=189  t/it=7.225e-01s
step 00618  B=+9.000000e-02 T  J_par=+5.685450e-01 T  E=7.729578e-02  t=184.087s  it=250  t/it=7.363e-01s
step 00619  B=+9.500000e-02 T  J_par=+6.039628e-01 T  E=7.600938e-02  t=188.480s  it=263  t/it=7.167e-01s
step 00620  B=+1.000000e-01 T  J_par=+6.359725e-01 T  E=7.464965e-02  t=195.791s  it=266  t/it=7.361e-01s
step 00621  B=+1.050000e-01 T  J_par=+6.661418e-01 T  E=7.322185e-02  t=135.160s  it=185  t/it=7.306e-01s
step 00622  B=+1.100000e-01 T  J_par=+6.972127e-01 T  E=7.172707e-02  t=150.022s  it=209  t/it=7.178e-01s
step 00623  B=+1.150000e-01 T  J_par=+7.297604e-01 T  E=7.016245e-02  t=181.737s  it=245  t/it=7.418e-01s
step 00624  B=+1.200000e-01 T  J_par=+7.733651e-01 T  E=6.821287e-02  t=1524.473s  it=2000  t/it=7.622e-01s
step 00625  B=+1.250000e-01 T  J_par=+8.037739e-01 T  E=6.647828e-02  t=481.248s  it=656  t/it=7.336e-01s
step 00626  B=+1.300000e-01 T  J_par=+8.277395e-01 T  E=6.468920e-02  t=168.015s  it=229  t/it=7.337e-01s
step 00627  B=+1.350000e-01 T  J_par=+8.508520e-01 T  E=6.284842e-02  t=138.972s  it=192  t/it=7.238e-01s
step 00628  B=+1.400000e-01 T  J_par=+8.729506e-01 T  E=6.095875e-02  t=169.344s  it=230  t/it=7.363e-01s
step 00629  B=+1.450000e-01 T  J_par=+8.942287e-01 T  E=5.902196e-02  t=139.070s  it=194  t/it=7.169e-01s
step 00630  B=+1.500000e-01 T  J_par=+9.149819e-01 T  E=5.703927e-02  t=142.951s  it=194  t/it=7.369e-01s
step 00631  B=+1.550000e-01 T  J_par=+9.353010e-01 T  E=5.501171e-02  t=85.805s  it=124  t/it=6.920e-01s
step 00632  B=+1.600000e-01 T  J_par=+9.553631e-01 T  E=5.293991e-02  t=53.268s  it=74  t/it=7.198e-01s
step 00633  B=+1.650000e-01 T  J_par=+9.752573e-01 T  E=5.082437e-02  t=74.659s  it=104  t/it=7.179e-01s
step 00634  B=+1.700000e-01 T  J_par=+9.950788e-01 T  E=4.866537e-02  t=68.885s  it=98  t/it=7.029e-01s
step 00635  B=+1.750000e-01 T  J_par=+1.014693e+00 T  E=4.646328e-02  t=33.822s  it=50  t/it=6.764e-01s
step 00636  B=+1.800000e-01 T  J_par=+1.034333e+00 T  E=4.421811e-02  t=35.328s  it=51  t/it=6.927e-01s
step 00637  B=+1.850000e-01 T  J_par=+1.053900e+00 T  E=4.193008e-02  t=34.658s  it=49  t/it=7.073e-01s
step 00638  B=+1.900000e-01 T  J_par=+1.073420e+00 T  E=3.959926e-02  t=42.371s  it=59  t/it=7.181e-01s
step 00639  B=+1.950000e-01 T  J_par=+1.092885e+00 T  E=3.722577e-02  t=26.438s  it=37  t/it=7.146e-01s
step 00640  B=+2.000000e-01 T  J_par=+1.112335e+00 T  E=3.480966e-02  t=22.306s  it=34  t/it=6.560e-01s
step 00641  B=+2.050000e-01 T  J_par=+1.131758e+00 T  E=3.235094e-02  t=31.993s  it=46  t/it=6.955e-01s
step 00642  B=+2.100000e-01 T  J_par=+1.151174e+00 T  E=2.984972e-02  t=25.210s  it=36  t/it=7.003e-01s
step 00643  B=+2.150000e-01 T  J_par=+1.170542e+00 T  E=2.730601e-02  t=28.051s  it=39  t/it=7.193e-01s
step 00644  B=+2.200000e-01 T  J_par=+1.189895e+00 T  E=2.471986e-02  t=25.686s  it=35  t/it=7.339e-01s
step 00645  B=+2.250000e-01 T  J_par=+1.209226e+00 T  E=2.209132e-02  t=21.735s  it=32  t/it=6.792e-01s
step 00646  B=+2.300000e-01 T  J_par=+1.228576e+00 T  E=1.942042e-02  t=18.637s  it=28  t/it=6.656e-01s
step 00647  B=+2.350000e-01 T  J_par=+1.247896e+00 T  E=1.670721e-02  t=5.225s  it=9  t/it=5.806e-01s
step 00648  B=+2.400000e-01 T  J_par=+1.267195e+00 T  E=1.395167e-02  t=20.723s  it=30  t/it=6.908e-01s
step 00649  B=+2.450000e-01 T  J_par=+1.286446e+00 T  E=1.115395e-02  t=10.159s  it=15  t/it=6.773e-01s
step 00650  B=+2.500000e-01 T  J_par=+1.305699e+00 T  E=8.313936e-03  t=24.307s  it=34  t/it=7.149e-01s
step 00651  B=+2.550000e-01 T  J_par=+1.324954e+00 T  E=5.431791e-03  t=18.921s  it=29  t/it=6.524e-01s
step 00652  B=+2.600000e-01 T  J_par=+1.344152e+00 T  E=2.507504e-03  t=18.835s  it=27  t/it=6.976e-01s
step 00653  B=+2.650000e-01 T  J_par=+1.363384e+00 T  E=-4.588581e-04  t=14.734s  it=22  t/it=6.697e-01s
step 00654  B=+2.700000e-01 T  J_par=+1.382544e+00 T  E=-3.467310e-03  t=18.986s  it=26  t/it=7.302e-01s
step 00655  B=+2.750000e-01 T  J_par=+1.401712e+00 T  E=-6.517767e-03  t=16.566s  it=23  t/it=7.203e-01s
step 00656  B=+2.800000e-01 T  J_par=+1.420857e+00 T  E=-9.610199e-03  t=10.610s  it=17  t/it=6.241e-01s
step 00657  B=+2.850000e-01 T  J_par=+1.439989e+00 T  E=-1.274455e-02  t=15.898s  it=23  t/it=6.912e-01s
step 00658  B=+2.900000e-01 T  J_par=+1.459085e+00 T  E=-1.592080e-02  t=19.648s  it=30  t/it=6.549e-01s
step 00659  B=+2.950000e-01 T  J_par=+1.478187e+00 T  E=-1.913887e-02  t=7.258s  it=12  t/it=6.049e-01s
step 00660  B=+3.000000e-01 T  J_par=+1.497249e+00 T  E=-2.239874e-02  t=12.555s  it=19  t/it=6.608e-01s
step 00661  B=+3.050000e-01 T  J_par=+1.516266e+00 T  E=-2.570034e-02  t=17.453s  it=25  t/it=6.981e-01s
step 00662  B=+3.100000e-01 T  J_par=+1.535276e+00 T  E=-2.904362e-02  t=13.895s  it=21  t/it=6.617e-01s
step 00663  B=+3.150000e-01 T  J_par=+1.554274e+00 T  E=-3.242856e-02  t=13.938s  it=21  t/it=6.637e-01s
step 00664  B=+3.200000e-01 T  J_par=+1.573227e+00 T  E=-3.585507e-02  t=13.794s  it=21  t/it=6.568e-01s
step 00665  B=+3.250000e-01 T  J_par=+1.592146e+00 T  E=-3.932307e-02  t=21.570s  it=31  t/it=6.958e-01s
step 00666  B=+3.300000e-01 T  J_par=+1.611064e+00 T  E=-4.283255e-02  t=14.037s  it=21  t/it=6.684e-01s
step 00667  B=+3.350000e-01 T  J_par=+1.629847e+00 T  E=-4.638339e-02  t=9.565s  it=16  t/it=5.978e-01s
step 00668  B=+3.400000e-01 T  J_par=+1.648774e+00 T  E=-4.997556e-02  t=15.574s  it=23  t/it=6.772e-01s
step 00669  B=+3.450000e-01 T  J_par=+1.667579e+00 T  E=-5.360897e-02  t=4.697s  it=11  t/it=4.270e-01s
step 00670  B=+3.500000e-01 T  J_par=+1.686359e+00 T  E=-5.728348e-02  t=20.511s  it=30  t/it=6.837e-01s
step 00671  B=+3.550000e-01 T  J_par=+1.705085e+00 T  E=-6.099919e-02  t=18.709s  it=27  t/it=6.929e-01s
step 00672  B=+3.600000e-01 T  J_par=+1.723743e+00 T  E=-6.475586e-02  t=9.938s  it=15  t/it=6.625e-01s
step 00673  B=+3.650000e-01 T  J_par=+1.742427e+00 T  E=-6.855345e-02  t=19.185s  it=27  t/it=7.105e-01s
step 00674  B=+3.700000e-01 T  J_par=+1.761041e+00 T  E=-7.239187e-02  t=17.828s  it=27  t/it=6.603e-01s
step 00675  B=+3.750000e-01 T  J_par=+1.779594e+00 T  E=-7.627100e-02  t=23.680s  it=34  t/it=6.965e-01s
step 00676  B=+3.800000e-01 T  J_par=+1.798115e+00 T  E=-8.019076e-02  t=9.107s  it=16  t/it=5.692e-01s
step 00677  B=+3.850000e-01 T  J_par=+1.816577e+00 T  E=-8.415103e-02  t=7.580s  it=14  t/it=5.414e-01s
step 00678  B=+3.900000e-01 T  J_par=+1.835022e+00 T  E=-8.815169e-02  t=5.950s  it=11  t/it=5.409e-01s
step 00679  B=+3.950000e-01 T  J_par=+1.853339e+00 T  E=-9.219262e-02  t=20.883s  it=30  t/it=6.961e-01s
step 00680  B=+4.000000e-01 T  J_par=+1.871620e+00 T  E=-9.627370e-02  t=20.281s  it=29  t/it=6.993e-01s
step 00681  B=+4.050000e-01 T  J_par=+1.889840e+00 T  E=-1.003948e-01  t=15.142s  it=24  t/it=6.309e-01s
step 00682  B=+4.100000e-01 T  J_par=+1.907988e+00 T  E=-1.045557e-01  t=13.056s  it=21  t/it=6.217e-01s
step 00683  B=+4.150000e-01 T  J_par=+1.926080e+00 T  E=-1.087563e-01  t=18.933s  it=28  t/it=6.762e-01s
step 00684  B=+4.200000e-01 T  J_par=+1.944075e+00 T  E=-1.129965e-01  t=10.867s  it=18  t/it=6.037e-01s
step 00685  B=+4.250000e-01 T  J_par=+1.962049e+00 T  E=-1.172760e-01  t=14.087s  it=22  t/it=6.403e-01s
step 00686  B=+4.300000e-01 T  J_par=+1.979811e+00 T  E=-1.215947e-01  t=17.222s  it=25  t/it=6.889e-01s
step 00687  B=+4.350000e-01 T  J_par=+1.997562e+00 T  E=-1.259524e-01  t=29.242s  it=41  t/it=7.132e-01s
step 00688  B=+4.400000e-01 T  J_par=+2.015151e+00 T  E=-1.303488e-01  t=16.474s  it=25  t/it=6.590e-01s
step 00689  B=+4.450000e-01 T  J_par=+2.032729e+00 T  E=-1.347838e-01  t=16.205s  it=25  t/it=6.482e-01s
step 00690  B=+4.500000e-01 T  J_par=+2.049784e+00 T  E=-1.392570e-01  t=8.929s  it=15  t/it=5.953e-01s
step 00691  B=+4.550000e-01 T  J_par=+2.067330e+00 T  E=-1.437683e-01  t=25.224s  it=37  t/it=6.817e-01s
step 00692  B=+4.600000e-01 T  J_par=+2.084304e+00 T  E=-1.483173e-01  t=25.363s  it=39  t/it=6.503e-01s
step 00693  B=+4.650000e-01 T  J_par=+2.101251e+00 T  E=-1.529039e-01  t=42.003s  it=62  t/it=6.775e-01s
step 00694  B=+4.700000e-01 T  J_par=+2.118311e+00 T  E=-1.575278e-01  t=71.376s  it=106  t/it=6.734e-01s
step 00695  B=+4.750000e-01 T  J_par=+2.133690e+00 T  E=-1.621888e-01  t=147.528s  it=213  t/it=6.926e-01s
step 00696  B=+4.800000e-01 T  J_par=+2.136265e+00 T  E=-1.668707e-01  t=132.210s  it=194  t/it=6.815e-01s
step 00697  B=+4.850000e-01 T  J_par=+2.136266e+00 T  E=-1.715517e-01  t=5.112s  it=8  t/it=6.390e-01s
step 00698  B=+4.900000e-01 T  J_par=+2.136266e+00 T  E=-1.762327e-01  t=1.522s  it=2  t/it=7.611e-01s
step 00699  B=+4.950000e-01 T  J_par=+2.136265e+00 T  E=-1.809137e-01  t=2.413s  it=4  t/it=6.032e-01s
step 00700  B=+5.000000e-01 T  J_par=+2.136265e+00 T  E=-1.855947e-01  t=1.344s  it=2  t/it=6.722e-01s
step 00701  B=+5.050000e-01 T  J_par=+2.136266e+00 T  E=-1.902758e-01  t=1.311s  it=2  t/it=6.555e-01s
step 00702  B=+5.100000e-01 T  J_par=+2.136266e+00 T  E=-1.949568e-01  t=1.309s  it=2  t/it=6.546e-01s
step 00703  B=+5.150000e-01 T  J_par=+2.136266e+00 T  E=-1.996378e-01  t=1.320s  it=2  t/it=6.602e-01s
step 00704  B=+5.200000e-01 T  J_par=+2.136266e+00 T  E=-2.043188e-01  t=1.226s  it=2  t/it=6.131e-01s
step 00705  B=+5.250000e-01 T  J_par=+2.136267e+00 T  E=-2.089998e-01  t=1.098s  it=2  t/it=5.489e-01s
step 00706  B=+5.300000e-01 T  J_par=+2.136267e+00 T  E=-2.136808e-01  t=1.176s  it=2  t/it=5.878e-01s
step 00707  B=+5.350000e-01 T  J_par=+2.136267e+00 T  E=-2.183618e-01  t=1.175s  it=2  t/it=5.874e-01s
step 00708  B=+5.400000e-01 T  J_par=+2.136267e+00 T  E=-2.230428e-01  t=1.175s  it=2  t/it=5.875e-01s
step 00709  B=+5.450000e-01 T  J_par=+2.136267e+00 T  E=-2.277238e-01  t=1.150s  it=2  t/it=5.749e-01s
step 00710  B=+5.500000e-01 T  J_par=+2.136267e+00 T  E=-2.324048e-01  t=1.150s  it=2  t/it=5.752e-01s
step 00711  B=+5.550000e-01 T  J_par=+2.136268e+00 T  E=-2.370858e-01  t=1.150s  it=2  t/it=5.748e-01s
step 00712  B=+5.600000e-01 T  J_par=+2.136268e+00 T  E=-2.417668e-01  t=1.098s  it=2  t/it=5.488e-01s
step 00713  B=+5.650000e-01 T  J_par=+2.136268e+00 T  E=-2.464478e-01  t=0.951s  it=2  t/it=4.756e-01s
step 00714  B=+5.700000e-01 T  J_par=+2.136268e+00 T  E=-2.511288e-01  t=1.051s  it=2  t/it=5.255e-01s
step 00715  B=+5.750000e-01 T  J_par=+2.136268e+00 T  E=-2.558098e-01  t=1.063s  it=2  t/it=5.313e-01s
step 00716  B=+5.800000e-01 T  J_par=+2.136268e+00 T  E=-2.604908e-01  t=1.078s  it=2  t/it=5.391e-01s
step 00717  B=+5.850000e-01 T  J_par=+2.136268e+00 T  E=-2.651719e-01  t=1.094s  it=2  t/it=5.469e-01s
step 00718  B=+5.900000e-01 T  J_par=+2.136269e+00 T  E=-2.698529e-01  t=1.099s  it=2  t/it=5.496e-01s
step 00719  B=+5.950000e-01 T  J_par=+2.136269e+00 T  E=-2.745339e-01  t=1.062s  it=2  t/it=5.312e-01s
step 00720  B=+6.000000e-01 T  J_par=+2.136269e+00 T  E=-2.792149e-01  t=1.056s  it=2  t/it=5.278e-01s
step 00721  B=+6.050000e-01 T  J_par=+2.136269e+00 T  E=-2.838959e-01  t=0.998s  it=2  t/it=4.989e-01s
step 00722  B=+6.100000e-01 T  J_par=+2.136269e+00 T  E=-2.885769e-01  t=1.063s  it=2  t/it=5.317e-01s
step 00723  B=+6.150000e-01 T  J_par=+2.136269e+00 T  E=-2.932579e-01  t=0.992s  it=2  t/it=4.961e-01s
step 00724  B=+6.200000e-01 T  J_par=+2.136269e+00 T  E=-2.979389e-01  t=0.992s  it=2  t/it=4.962e-01s
step 00725  B=+6.250000e-01 T  J_par=+2.136269e+00 T  E=-3.026199e-01  t=0.992s  it=2  t/it=4.962e-01s
step 00726  B=+6.300000e-01 T  J_par=+2.136270e+00 T  E=-3.073009e-01  t=0.995s  it=2  t/it=4.975e-01s
step 00727  B=+6.350000e-01 T  J_par=+2.136270e+00 T  E=-3.119820e-01  t=0.956s  it=2  t/it=4.779e-01s
step 00728  B=+6.400000e-01 T  J_par=+2.136270e+00 T  E=-3.166630e-01  t=0.988s  it=2  t/it=4.938e-01s
step 00729  B=+6.450000e-01 T  J_par=+2.136270e+00 T  E=-3.213440e-01  t=0.972s  it=2  t/it=4.859e-01s
step 00730  B=+6.500000e-01 T  J_par=+2.136270e+00 T  E=-3.260250e-01  t=0.980s  it=2  t/it=4.898e-01s
step 00731  B=+6.550000e-01 T  J_par=+2.136270e+00 T  E=-3.307060e-01  t=0.979s  it=2  t/it=4.895e-01s
step 00732  B=+6.600000e-01 T  J_par=+2.136270e+00 T  E=-3.353870e-01  t=0.955s  it=2  t/it=4.775e-01s
step 00733  B=+6.650000e-01 T  J_par=+2.136270e+00 T  E=-3.400680e-01  t=0.873s  it=2  t/it=4.365e-01s
step 00734  B=+6.700000e-01 T  J_par=+2.136270e+00 T  E=-3.447490e-01  t=0.986s  it=2  t/it=4.929e-01s
step 00735  B=+6.750000e-01 T  J_par=+2.136270e+00 T  E=-3.494301e-01  t=0.804s  it=2  t/it=4.022e-01s
step 00736  B=+6.800000e-01 T  J_par=+2.136271e+00 T  E=-3.541111e-01  t=0.967s  it=2  t/it=4.835e-01s
step 00737  B=+6.850000e-01 T  J_par=+2.136271e+00 T  E=-3.587921e-01  t=0.903s  it=2  t/it=4.516e-01s
step 00738  B=+6.900000e-01 T  J_par=+2.136271e+00 T  E=-3.634731e-01  t=0.931s  it=2  t/it=4.656e-01s
step 00739  B=+6.950000e-01 T  J_par=+2.136271e+00 T  E=-3.681541e-01  t=0.903s  it=2  t/it=4.514e-01s
step 00740  B=+7.000000e-01 T  J_par=+2.136271e+00 T  E=-3.728351e-01  t=0.873s  it=2  t/it=4.364e-01s
step 00741  B=+7.050000e-01 T  J_par=+2.136271e+00 T  E=-3.775161e-01  t=0.880s  it=2  t/it=4.400e-01s
step 00742  B=+7.100000e-01 T  J_par=+2.136271e+00 T  E=-3.821972e-01  t=0.863s  it=2  t/it=4.316e-01s
step 00743  B=+7.150000e-01 T  J_par=+2.136271e+00 T  E=-3.868782e-01  t=0.860s  it=2  t/it=4.301e-01s
step 00744  B=+7.200000e-01 T  J_par=+2.136271e+00 T  E=-3.915592e-01  t=0.861s  it=2  t/it=4.303e-01s
step 00745  B=+7.250000e-01 T  J_par=+2.136271e+00 T  E=-3.962402e-01  t=0.839s  it=2  t/it=4.193e-01s
step 00746  B=+7.300000e-01 T  J_par=+2.136271e+00 T  E=-4.009212e-01  t=0.884s  it=2  t/it=4.418e-01s
step 00747  B=+7.350000e-01 T  J_par=+2.136271e+00 T  E=-4.056022e-01  t=0.858s  it=2  t/it=4.289e-01s
step 00748  B=+7.400000e-01 T  J_par=+2.136272e+00 T  E=-4.102833e-01  t=0.836s  it=2  t/it=4.179e-01s
step 00749  B=+7.450000e-01 T  J_par=+2.136272e+00 T  E=-4.149643e-01  t=0.853s  it=2  t/it=4.266e-01s
step 00750  B=+7.500000e-01 T  J_par=+2.136272e+00 T  E=-4.196453e-01  t=0.812s  it=2  t/it=4.060e-01s
step 00751  B=+7.550000e-01 T  J_par=+2.136272e+00 T  E=-4.243263e-01  t=0.847s  it=2  t/it=4.235e-01s
step 00752  B=+7.600000e-01 T  J_par=+2.136272e+00 T  E=-4.290073e-01  t=0.817s  it=2  t/it=4.084e-01s
step 00753  B=+7.650000e-01 T  J_par=+2.136272e+00 T  E=-4.336883e-01  t=0.794s  it=2  t/it=3.968e-01s
step 00754  B=+7.700000e-01 T  J_par=+2.136272e+00 T  E=-4.383694e-01  t=0.847s  it=2  t/it=4.237e-01s
step 00755  B=+7.750000e-01 T  J_par=+2.136272e+00 T  E=-4.430504e-01  t=0.810s  it=2  t/it=4.052e-01s
step 00756  B=+7.800000e-01 T  J_par=+2.136272e+00 T  E=-4.477314e-01  t=0.789s  it=2  t/it=3.945e-01s
step 00757  B=+7.850000e-01 T  J_par=+2.136272e+00 T  E=-4.524124e-01  t=0.773s  it=2  t/it=3.865e-01s
step 00758  B=+7.900000e-01 T  J_par=+2.136272e+00 T  E=-4.570934e-01  t=0.786s  it=2  t/it=3.928e-01s
step 00759  B=+7.950000e-01 T  J_par=+2.136272e+00 T  E=-4.617744e-01  t=0.770s  it=2  t/it=3.852e-01s
step 00760  B=+8.000000e-01 T  J_par=+2.136272e+00 T  E=-4.664555e-01  t=0.790s  it=2  t/it=3.951e-01s
step 00761  B=+8.050000e-01 T  J_par=+2.136272e+00 T  E=-4.711365e-01  t=0.789s  it=2  t/it=3.944e-01s
step 00762  B=+8.100000e-01 T  J_par=+2.136273e+00 T  E=-4.758175e-01  t=0.757s  it=2  t/it=3.783e-01s
step 00763  B=+8.150000e-01 T  J_par=+2.136273e+00 T  E=-4.804985e-01  t=1.132s  it=2  t/it=5.662e-01s
step 00764  B=+8.200000e-01 T  J_par=+2.136273e+00 T  E=-4.851795e-01  t=1.083s  it=2  t/it=5.416e-01s
step 00765  B=+8.250000e-01 T  J_par=+2.136273e+00 T  E=-4.898605e-01  t=0.754s  it=2  t/it=3.769e-01s
step 00766  B=+8.300000e-01 T  J_par=+2.136273e+00 T  E=-4.945416e-01  t=0.781s  it=2  t/it=3.904e-01s
step 00767  B=+8.350000e-01 T  J_par=+2.136273e+00 T  E=-4.992226e-01  t=1.071s  it=2  t/it=5.353e-01s
step 00768  B=+8.400000e-01 T  J_par=+2.136273e+00 T  E=-5.039036e-01  t=1.067s  it=2  t/it=5.336e-01s
step 00769  B=+8.450000e-01 T  J_par=+2.136273e+00 T  E=-5.085846e-01  t=1.071s  it=2  t/it=5.356e-01s
step 00770  B=+8.500000e-01 T  J_par=+2.136273e+00 T  E=-5.132656e-01  t=0.786s  it=2  t/it=3.929e-01s
step 00771  B=+8.550000e-01 T  J_par=+2.136273e+00 T  E=-5.179467e-01  t=1.071s  it=2  t/it=5.354e-01s
step 00772  B=+8.600000e-01 T  J_par=+2.136273e+00 T  E=-5.226277e-01  t=1.007s  it=2  t/it=5.034e-01s
step 00773  B=+8.650000e-01 T  J_par=+2.136273e+00 T  E=-5.273087e-01  t=1.071s  it=2  t/it=5.356e-01s
step 00774  B=+8.700000e-01 T  J_par=+2.136273e+00 T  E=-5.319897e-01  t=0.786s  it=2  t/it=3.929e-01s
step 00775  B=+8.750000e-01 T  J_par=+2.136273e+00 T  E=-5.366707e-01  t=1.059s  it=2  t/it=5.294e-01s
step 00776  B=+8.800000e-01 T  J_par=+2.136273e+00 T  E=-5.413518e-01  t=0.721s  it=2  t/it=3.607e-01s
step 00777  B=+8.850000e-01 T  J_par=+2.136273e+00 T  E=-5.460328e-01  t=0.729s  it=2  t/it=3.643e-01s
step 00778  B=+8.900000e-01 T  J_par=+2.136273e+00 T  E=-5.507138e-01  t=0.729s  it=2  t/it=3.644e-01s
step 00779  B=+8.950000e-01 T  J_par=+2.136273e+00 T  E=-5.553948e-01  t=0.714s  it=2  t/it=3.569e-01s
step 00780  B=+9.000000e-01 T  J_par=+2.136274e+00 T  E=-5.600758e-01  t=0.921s  it=2  t/it=4.607e-01s
step 00781  B=+9.050000e-01 T  J_par=+2.136274e+00 T  E=-5.647569e-01  t=0.998s  it=2  t/it=4.990e-01s
step 00782  B=+9.100000e-01 T  J_par=+2.136274e+00 T  E=-5.694379e-01  t=0.925s  it=2  t/it=4.624e-01s
step 00783  B=+9.150000e-01 T  J_par=+2.136274e+00 T  E=-5.741189e-01  t=1.000s  it=2  t/it=5.001e-01s
step 00784  B=+9.200000e-01 T  J_par=+2.136274e+00 T  E=-5.787999e-01  t=1.000s  it=2  t/it=5.002e-01s
step 00785  B=+9.250000e-01 T  J_par=+2.136274e+00 T  E=-5.834809e-01  t=1.000s  it=2  t/it=5.002e-01s
step 00786  B=+9.300000e-01 T  J_par=+2.136274e+00 T  E=-5.881620e-01  t=1.001s  it=2  t/it=5.003e-01s
step 00787  B=+9.350000e-01 T  J_par=+2.136274e+00 T  E=-5.928430e-01  t=0.997s  it=2  t/it=4.987e-01s
step 00788  B=+9.400000e-01 T  J_par=+2.136274e+00 T  E=-5.975240e-01  t=0.998s  it=2  t/it=4.990e-01s
step 00789  B=+9.450000e-01 T  J_par=+2.136274e+00 T  E=-6.022050e-01  t=0.998s  it=2  t/it=4.990e-01s
step 00790  B=+9.500000e-01 T  J_par=+2.136274e+00 T  E=-6.068860e-01  t=0.996s  it=2  t/it=4.979e-01s
step 00791  B=+9.550000e-01 T  J_par=+2.136274e+00 T  E=-6.115671e-01  t=0.998s  it=2  t/it=4.988e-01s
step 00792  B=+9.600000e-01 T  J_par=+2.136274e+00 T  E=-6.162481e-01  t=0.935s  it=2  t/it=4.677e-01s
step 00793  B=+9.650000e-01 T  J_par=+2.136274e+00 T  E=-6.209291e-01  t=0.938s  it=2  t/it=4.689e-01s
step 00794  B=+9.700000e-01 T  J_par=+2.136274e+00 T  E=-6.256101e-01  t=0.998s  it=2  t/it=4.991e-01s
step 00795  B=+9.750000e-01 T  J_par=+2.136274e+00 T  E=-6.302912e-01  t=0.651s  it=2  t/it=3.257e-01s
step 00796  B=+9.800000e-01 T  J_par=+2.136274e+00 T  E=-6.349722e-01  t=0.709s  it=2  t/it=3.546e-01s
step 00797  B=+9.850000e-01 T  J_par=+2.136274e+00 T  E=-6.396532e-01  t=0.623s  it=2  t/it=3.113e-01s
step 00798  B=+9.900000e-01 T  J_par=+2.136274e+00 T  E=-6.443342e-01  t=0.700s  it=2  t/it=3.499e-01s
step 00799  B=+9.950000e-01 T  J_par=+2.136274e+00 T  E=-6.490152e-01  t=0.627s  it=2  t/it=3.137e-01s
step 00800  B=+1.000000e+00 T  J_par=+2.136274e+00 T  E=-6.536963e-01  t=0.697s  it=2  t/it=3.485e-01s

Hysteresis loop finished in 34658.279 s.
[ok] Wrote mammos-mumag compatibility file: hyst_sphere_40nm_new/sphere_40nm_new.mh

Simulation finished: 2026-06-24T06:22:14+02:00
Simulation runtime: 09:38:14

Run finished: 2026-06-24T06:22:14+02:00
Total runtime: 09:38:27
